[2025-01-20 12:49:49] local.ERROR: App\Http\Controllers\MonstersController::show(): Argument #1 ($id) must be of type int, string given, called in C:\Users\tiffa\Dropbox\htdocs\FRAMEWORK_SERVEUR\MONSTERS_APP_LARAVEL\vendor\laravel\framework\src\Illuminate\Routing\Controller.php on line 54 {"exception":"[object] (TypeError(code: 0): App\\Http\\Controllers\\MonstersController::show(): Argument #1 ($id) must be of type int, string given, called in C:\\Users\\tiffa\\Dropbox\\htdocs\\FRAMEWORK_SERVEUR\\MONSTERS_APP_LARAVEL\\vendor\\laravel\\framework\\src\\Illuminate\\Routing\\Controller.php on line 54 at C:\\Users\\tiffa\\Dropbox\\htdocs\\FRAMEWORK_SERVEUR\\MONSTERS_APP_LARAVEL\\app\\Http\\Controllers\\MonstersController.php:22)
[stacktrace]
#0 C:\\Users\\tiffa\\Dropbox\\htdocs\\FRAMEWORK_SERVEUR\\MONSTERS_APP_LARAVEL\\vendor\\laravel\\framework\\src\\Illuminate\\Routing\\Controller.php(54): App\\Http\\Controllers\\MonstersController->show('images', 'favico.png')
#1 C:\\Users\\tiffa\\Dropbox\\htdocs\\FRAMEWORK_SERVEUR\\MONSTERS_APP_LARAVEL\\vendor\\laravel\\framework\\src\\Illuminate\\Routing\\ControllerDispatcher.php(43): Illuminate\\Routing\\Controller->callAction('show', Array)
#2 C:\\Users\\tiffa\\Dropbox\\htdocs\\FRAMEWORK_SERVEUR\\MONSTERS_APP_LARAVEL\\vendor\\laravel\\framework\\src\\Illuminate\\Routing\\Route.php(260): Illuminate\\Routing\\ControllerDispatcher->dispatch(Object(Illuminate\\Routing\\Route), Object(App\\Http\\Controllers\\MonstersController), 'show')
#3 C:\\Users\\tiffa\\Dropbox\\htdocs\\FRAMEWORK_SERVEUR\\MONSTERS_APP_LARAVEL\\vendor\\laravel\\framework\\src\\Illuminate\\Routing\\Route.php(206): Illuminate\\Routing\\Route->runController()
#4 C:\\Users\\tiffa\\Dropbox\\htdocs\\FRAMEWORK_SERVEUR\\MONSTERS_APP_LARAVEL\\vendor\\laravel\\framework\\src\\Illuminate\\Routing\\Router.php(806): Illuminate\\Routing\\Route->run()
#5 C:\\Users\\tiffa\\Dropbox\\htdocs\\FRAMEWORK_SERVEUR\\MONSTERS_APP_LARAVEL\\vendor\\laravel\\framework\\src\\Illuminate\\Pipeline\\Pipeline.php(144): Illuminate\\Routing\\Router->Illuminate\\Routing\\{closure}(Object(Illuminate\\Http\\Request))
#6 C:\\Users\\tiffa\\Dropbox\\htdocs\\FRAMEWORK_SERVEUR\\MONSTERS_APP_LARAVEL\\vendor\\laravel\\framework\\src\\Illuminate\\Routing\\Middleware\\SubstituteBindings.php(50): Illuminate\\Pipeline\\Pipeline->Illuminate\\Pipeline\\{closure}(Object(Illuminate\\Http\\Request))
#7 C:\\Users\\tiffa\\Dropbox\\htdocs\\FRAMEWORK_SERVEUR\\MONSTERS_APP_LARAVEL\\vendor\\laravel\\framework\\src\\Illuminate\\Pipeline\\Pipeline.php(183): Illuminate\\Routing\\Middleware\\SubstituteBindings->handle(Object(Illuminate\\Http\\Request), Object(Closure))
#8 C:\\Users\\tiffa\\Dropbox\\htdocs\\FRAMEWORK_SERVEUR\\MONSTERS_APP_LARAVEL\\vendor\\laravel\\framework\\src\\Illuminate\\Foundation\\Http\\Middleware\\VerifyCsrfToken.php(81): Illuminate\\Pipeline\\Pipeline->Illuminate\\Pipeline\\{closure}(Object(Illuminate\\Http\\Request))
#9 C:\\Users\\tiffa\\Dropbox\\htdocs\\FRAMEWORK_SERVEUR\\MONSTERS_APP_LARAVEL\\vendor\\laravel\\framework\\src\\Illuminate\\Pipeline\\Pipeline.php(183): Illuminate\\Foundation\\Http\\Middleware\\VerifyCsrfToken->handle(Object(Illuminate\\Http\\Request), Object(Closure))
#10 C:\\Users\\tiffa\\Dropbox\\htdocs\\FRAMEWORK_SERVEUR\\MONSTERS_APP_LARAVEL\\vendor\\laravel\\framework\\src\\Illuminate\\View\\Middleware\\ShareErrorsFromSession.php(49): Illuminate\\Pipeline\\Pipeline->Illuminate\\Pipeline\\{closure}(Object(Illuminate\\Http\\Request))
#11 C:\\Users\\tiffa\\Dropbox\\htdocs\\FRAMEWORK_SERVEUR\\MONSTERS_APP_LARAVEL\\vendor\\laravel\\framework\\src\\Illuminate\\Pipeline\\Pipeline.php(183): Illuminate\\View\\Middleware\\ShareErrorsFromSession->handle(Object(Illuminate\\Http\\Request), Object(Closure))
#12 C:\\Users\\tiffa\\Dropbox\\htdocs\\FRAMEWORK_SERVEUR\\MONSTERS_APP_LARAVEL\\vendor\\laravel\\framework\\src\\Illuminate\\Session\\Middleware\\StartSession.php(121): Illuminate\\Pipeline\\Pipeline->Illuminate\\Pipeline\\{closure}(Object(Illuminate\\Http\\Request))
#13 C:\\Users\\tiffa\\Dropbox\\htdocs\\FRAMEWORK_SERVEUR\\MONSTERS_APP_LARAVEL\\vendor\\laravel\\framework\\src\\Illuminate\\Session\\Middleware\\StartSession.php(64): Illuminate\\Session\\Middleware\\StartSession->handleStatefulRequest(Object(Illuminate\\Http\\Request), Object(Illuminate\\Session\\Store), Object(Closure))
#14 C:\\Users\\tiffa\\Dropbox\\htdocs\\FRAMEWORK_SERVEUR\\MONSTERS_APP_LARAVEL\\vendor\\laravel\\framework\\src\\Illuminate\\Pipeline\\Pipeline.php(183): Illuminate\\Session\\Middleware\\StartSession->handle(Object(Illuminate\\Http\\Request), Object(Closure))
#15 C:\\Users\\tiffa\\Dropbox\\htdocs\\FRAMEWORK_SERVEUR\\MONSTERS_APP_LARAVEL\\vendor\\laravel\\framework\\src\\Illuminate\\Cookie\\Middleware\\AddQueuedCookiesToResponse.php(37): Illuminate\\Pipeline\\Pipeline->Illuminate\\Pipeline\\{closure}(Object(Illuminate\\Http\\Request))
#16 C:\\Users\\tiffa\\Dropbox\\htdocs\\FRAMEWORK_SERVEUR\\MONSTERS_APP_LARAVEL\\vendor\\laravel\\framework\\src\\Illuminate\\Pipeline\\Pipeline.php(183): Illuminate\\Cookie\\Middleware\\AddQueuedCookiesToResponse->handle(Object(Illuminate\\Http\\Request), Object(Closure))
#17 C:\\Users\\tiffa\\Dropbox\\htdocs\\FRAMEWORK_SERVEUR\\MONSTERS_APP_LARAVEL\\vendor\\laravel\\framework\\src\\Illuminate\\Cookie\\Middleware\\EncryptCookies.php(75): Illuminate\\Pipeline\\Pipeline->Illuminate\\Pipeline\\{closure}(Object(Illuminate\\Http\\Request))
#18 C:\\Users\\tiffa\\Dropbox\\htdocs\\FRAMEWORK_SERVEUR\\MONSTERS_APP_LARAVEL\\vendor\\laravel\\framework\\src\\Illuminate\\Pipeline\\Pipeline.php(183): Illuminate\\Cookie\\Middleware\\EncryptCookies->handle(Object(Illuminate\\Http\\Request), Object(Closure))
#19 C:\\Users\\tiffa\\Dropbox\\htdocs\\FRAMEWORK_SERVEUR\\MONSTERS_APP_LARAVEL\\vendor\\laravel\\framework\\src\\Illuminate\\Pipeline\\Pipeline.php(119): Illuminate\\Pipeline\\Pipeline->Illuminate\\Pipeline\\{closure}(Object(Illuminate\\Http\\Request))
#20 C:\\Users\\tiffa\\Dropbox\\htdocs\\FRAMEWORK_SERVEUR\\MONSTERS_APP_LARAVEL\\vendor\\laravel\\framework\\src\\Illuminate\\Routing\\Router.php(805): Illuminate\\Pipeline\\Pipeline->then(Object(Closure))
#21 C:\\Users\\tiffa\\Dropbox\\htdocs\\FRAMEWORK_SERVEUR\\MONSTERS_APP_LARAVEL\\vendor\\laravel\\framework\\src\\Illuminate\\Routing\\Router.php(784): Illuminate\\Routing\\Router->runRouteWithinStack(Object(Illuminate\\Routing\\Route), Object(Illuminate\\Http\\Request))
#22 C:\\Users\\tiffa\\Dropbox\\htdocs\\FRAMEWORK_SERVEUR\\MONSTERS_APP_LARAVEL\\vendor\\laravel\\framework\\src\\Illuminate\\Routing\\Router.php(748): Illuminate\\Routing\\Router->runRoute(Object(Illuminate\\Http\\Request), Object(Illuminate\\Routing\\Route))
#23 C:\\Users\\tiffa\\Dropbox\\htdocs\\FRAMEWORK_SERVEUR\\MONSTERS_APP_LARAVEL\\vendor\\laravel\\framework\\src\\Illuminate\\Routing\\Router.php(737): Illuminate\\Routing\\Router->dispatchToRoute(Object(Illuminate\\Http\\Request))
#24 C:\\Users\\tiffa\\Dropbox\\htdocs\\FRAMEWORK_SERVEUR\\MONSTERS_APP_LARAVEL\\vendor\\laravel\\framework\\src\\Illuminate\\Foundation\\Http\\Kernel.php(200): Illuminate\\Routing\\Router->dispatch(Object(Illuminate\\Http\\Request))
#25 C:\\Users\\tiffa\\Dropbox\\htdocs\\FRAMEWORK_SERVEUR\\MONSTERS_APP_LARAVEL\\vendor\\laravel\\framework\\src\\Illuminate\\Pipeline\\Pipeline.php(144): Illuminate\\Foundation\\Http\\Kernel->Illuminate\\Foundation\\Http\\{closure}(Object(Illuminate\\Http\\Request))
#26 C:\\Users\\tiffa\\Dropbox\\htdocs\\FRAMEWORK_SERVEUR\\MONSTERS_APP_LARAVEL\\vendor\\laravel\\framework\\src\\Illuminate\\Http\\Middleware\\TrustProxies.php(57): Illuminate\\Pipeline\\Pipeline->Illuminate\\Pipeline\\{closure}(Object(Illuminate\\Http\\Request))
#27 C:\\Users\\tiffa\\Dropbox\\htdocs\\FRAMEWORK_SERVEUR\\MONSTERS_APP_LARAVEL\\vendor\\laravel\\framework\\src\\Illuminate\\Pipeline\\Pipeline.php(183): Illuminate\\Http\\Middleware\\TrustProxies->handle(Object(Illuminate\\Http\\Request), Object(Closure))
#28 C:\\Users\\tiffa\\Dropbox\\htdocs\\FRAMEWORK_SERVEUR\\MONSTERS_APP_LARAVEL\\vendor\\laravel\\framework\\src\\Illuminate\\Foundation\\Http\\Middleware\\TransformsRequest.php(21): Illuminate\\Pipeline\\Pipeline->Illuminate\\Pipeline\\{closure}(Object(Illuminate\\Http\\Request))
#29 C:\\Users\\tiffa\\Dropbox\\htdocs\\FRAMEWORK_SERVEUR\\MONSTERS_APP_LARAVEL\\vendor\\laravel\\framework\\src\\Illuminate\\Foundation\\Http\\Middleware\\ConvertEmptyStringsToNull.php(31): Illuminate\\Foundation\\Http\\Middleware\\TransformsRequest->handle(Object(Illuminate\\Http\\Request), Object(Closure))
#30 C:\\Users\\tiffa\\Dropbox\\htdocs\\FRAMEWORK_SERVEUR\\MONSTERS_APP_LARAVEL\\vendor\\laravel\\framework\\src\\Illuminate\\Pipeline\\Pipeline.php(183): Illuminate\\Foundation\\Http\\Middleware\\ConvertEmptyStringsToNull->handle(Object(Illuminate\\Http\\Request), Object(Closure))
#31 C:\\Users\\tiffa\\Dropbox\\htdocs\\FRAMEWORK_SERVEUR\\MONSTERS_APP_LARAVEL\\vendor\\laravel\\framework\\src\\Illuminate\\Foundation\\Http\\Middleware\\TransformsRequest.php(21): Illuminate\\Pipeline\\Pipeline->Illuminate\\Pipeline\\{closure}(Object(Illuminate\\Http\\Request))
#32 C:\\Users\\tiffa\\Dropbox\\htdocs\\FRAMEWORK_SERVEUR\\MONSTERS_APP_LARAVEL\\vendor\\laravel\\framework\\src\\Illuminate\\Foundation\\Http\\Middleware\\TrimStrings.php(50): Illuminate\\Foundation\\Http\\Middleware\\TransformsRequest->handle(Object(Illuminate\\Http\\Request), Object(Closure))
#33 C:\\Users\\tiffa\\Dropbox\\htdocs\\FRAMEWORK_SERVEUR\\MONSTERS_APP_LARAVEL\\vendor\\laravel\\framework\\src\\Illuminate\\Pipeline\\Pipeline.php(183): Illuminate\\Foundation\\Http\\Middleware\\TrimStrings->handle(Object(Illuminate\\Http\\Request), Object(Closure))
#34 C:\\Users\\tiffa\\Dropbox\\htdocs\\FRAMEWORK_SERVEUR\\MONSTERS_APP_LARAVEL\\vendor\\laravel\\framework\\src\\Illuminate\\Http\\Middleware\\ValidatePostSize.php(27): Illuminate\\Pipeline\\Pipeline->Illuminate\\Pipeline\\{closure}(Object(Illuminate\\Http\\Request))
#35 C:\\Users\\tiffa\\Dropbox\\htdocs\\FRAMEWORK_SERVEUR\\MONSTERS_APP_LARAVEL\\vendor\\laravel\\framework\\src\\Illuminate\\Pipeline\\Pipeline.php(183): Illuminate\\Http\\Middleware\\ValidatePostSize->handle(Object(Illuminate\\Http\\Request), Object(Closure))
#36 C:\\Users\\tiffa\\Dropbox\\htdocs\\FRAMEWORK_SERVEUR\\MONSTERS_APP_LARAVEL\\vendor\\laravel\\framework\\src\\Illuminate\\Foundation\\Http\\Middleware\\PreventRequestsDuringMaintenance.php(103): Illuminate\\Pipeline\\Pipeline->Illuminate\\Pipeline\\{closure}(Object(Illuminate\\Http\\Request))
#37 C:\\Users\\tiffa\\Dropbox\\htdocs\\FRAMEWORK_SERVEUR\\MONSTERS_APP_LARAVEL\\vendor\\laravel\\framework\\src\\Illuminate\\Pipeline\\Pipeline.php(183): Illuminate\\Foundation\\Http\\Middleware\\PreventRequestsDuringMaintenance->handle(Object(Illuminate\\Http\\Request), Object(Closure))
#38 C:\\Users\\tiffa\\Dropbox\\htdocs\\FRAMEWORK_SERVEUR\\MONSTERS_APP_LARAVEL\\vendor\\laravel\\framework\\src\\Illuminate\\Pipeline\\Pipeline.php(119): Illuminate\\Pipeline\\Pipeline->Illuminate\\Pipeline\\{closure}(Object(Illuminate\\Http\\Request))
#39 C:\\Users\\tiffa\\Dropbox\\htdocs\\FRAMEWORK_SERVEUR\\MONSTERS_APP_LARAVEL\\vendor\\laravel\\framework\\src\\Illuminate\\Foundation\\Http\\Kernel.php(175): Illuminate\\Pipeline\\Pipeline->then(Object(Closure))
#40 C:\\Users\\tiffa\\Dropbox\\htdocs\\FRAMEWORK_SERVEUR\\MONSTERS_APP_LARAVEL\\vendor\\laravel\\framework\\src\\Illuminate\\Foundation\\Http\\Kernel.php(144): Illuminate\\Foundation\\Http\\Kernel->sendRequestThroughRouter(Object(Illuminate\\Http\\Request))
#41 C:\\Users\\tiffa\\Dropbox\\htdocs\\FRAMEWORK_SERVEUR\\MONSTERS_APP_LARAVEL\\public\\index.php(54): Illuminate\\Foundation\\Http\\Kernel->handle(Object(Illuminate\\Http\\Request))
#42 {main}
"} 
[2025-01-20 12:56:10] local.ERROR: Class "Type" not found (View: C:\Users\tiffa\Dropbox\htdocs\FRAMEWORK_SERVEUR\MONSTERS_APP_LARAVEL\resources\views\monsters\create.blade.php) {"exception":"[object] (Illuminate\\View\\ViewException(code: 0): Class \"Type\" not found (View: C:\\Users\\tiffa\\Dropbox\\htdocs\\FRAMEWORK_SERVEUR\\MONSTERS_APP_LARAVEL\\resources\\views\\monsters\\create.blade.php) at C:\\Users\\tiffa\\Dropbox\\htdocs\\FRAMEWORK_SERVEUR\\MONSTERS_APP_LARAVEL\\storage\\framework\\views\\0e0f9d73ef6ce5c3fe2eb12e469bf0c0.php:58)
[stacktrace]
#0 C:\\Users\\tiffa\\Dropbox\\htdocs\\FRAMEWORK_SERVEUR\\MONSTERS_APP_LARAVEL\\vendor\\laravel\\framework\\src\\Illuminate\\View\\Engines\\PhpEngine.php(60): Illuminate\\View\\Engines\\CompilerEngine->handleViewException(Object(Error), 2)
#1 C:\\Users\\tiffa\\Dropbox\\htdocs\\FRAMEWORK_SERVEUR\\MONSTERS_APP_LARAVEL\\vendor\\laravel\\framework\\src\\Illuminate\\View\\Engines\\CompilerEngine.php(73): Illuminate\\View\\Engines\\PhpEngine->evaluatePath('C:\\\\Users\\\\tiffa\\\\...', Array)
#2 C:\\Users\\tiffa\\Dropbox\\htdocs\\FRAMEWORK_SERVEUR\\MONSTERS_APP_LARAVEL\\vendor\\laravel\\framework\\src\\Illuminate\\View\\View.php(208): Illuminate\\View\\Engines\\CompilerEngine->get('C:\\\\Users\\\\tiffa\\\\...', Array)
#3 C:\\Users\\tiffa\\Dropbox\\htdocs\\FRAMEWORK_SERVEUR\\MONSTERS_APP_LARAVEL\\vendor\\laravel\\framework\\src\\Illuminate\\View\\View.php(191): Illuminate\\View\\View->getContents()
#4 C:\\Users\\tiffa\\Dropbox\\htdocs\\FRAMEWORK_SERVEUR\\MONSTERS_APP_LARAVEL\\vendor\\laravel\\framework\\src\\Illuminate\\View\\View.php(160): Illuminate\\View\\View->renderContents()
#5 C:\\Users\\tiffa\\Dropbox\\htdocs\\FRAMEWORK_SERVEUR\\MONSTERS_APP_LARAVEL\\vendor\\laravel\\framework\\src\\Illuminate\\Http\\Response.php(70): Illuminate\\View\\View->render()
#6 C:\\Users\\tiffa\\Dropbox\\htdocs\\FRAMEWORK_SERVEUR\\MONSTERS_APP_LARAVEL\\vendor\\laravel\\framework\\src\\Illuminate\\Http\\Response.php(35): Illuminate\\Http\\Response->setContent(Object(Illuminate\\View\\View))
#7 C:\\Users\\tiffa\\Dropbox\\htdocs\\FRAMEWORK_SERVEUR\\MONSTERS_APP_LARAVEL\\vendor\\laravel\\framework\\src\\Illuminate\\Routing\\Router.php(918): Illuminate\\Http\\Response->__construct(Object(Illuminate\\View\\View), 200, Array)
#8 C:\\Users\\tiffa\\Dropbox\\htdocs\\FRAMEWORK_SERVEUR\\MONSTERS_APP_LARAVEL\\vendor\\laravel\\framework\\src\\Illuminate\\Routing\\Router.php(885): Illuminate\\Routing\\Router::toResponse(Object(Illuminate\\Http\\Request), Object(Illuminate\\View\\View))
#9 C:\\Users\\tiffa\\Dropbox\\htdocs\\FRAMEWORK_SERVEUR\\MONSTERS_APP_LARAVEL\\vendor\\laravel\\framework\\src\\Illuminate\\Routing\\Router.php(805): Illuminate\\Routing\\Router->prepareResponse(Object(Illuminate\\Http\\Request), Object(Illuminate\\View\\View))
#10 C:\\Users\\tiffa\\Dropbox\\htdocs\\FRAMEWORK_SERVEUR\\MONSTERS_APP_LARAVEL\\vendor\\laravel\\framework\\src\\Illuminate\\Pipeline\\Pipeline.php(144): Illuminate\\Routing\\Router->Illuminate\\Routing\\{closure}(Object(Illuminate\\Http\\Request))
#11 C:\\Users\\tiffa\\Dropbox\\htdocs\\FRAMEWORK_SERVEUR\\MONSTERS_APP_LARAVEL\\vendor\\laravel\\framework\\src\\Illuminate\\Routing\\Middleware\\SubstituteBindings.php(50): Illuminate\\Pipeline\\Pipeline->Illuminate\\Pipeline\\{closure}(Object(Illuminate\\Http\\Request))
#12 C:\\Users\\tiffa\\Dropbox\\htdocs\\FRAMEWORK_SERVEUR\\MONSTERS_APP_LARAVEL\\vendor\\laravel\\framework\\src\\Illuminate\\Pipeline\\Pipeline.php(183): Illuminate\\Routing\\Middleware\\SubstituteBindings->handle(Object(Illuminate\\Http\\Request), Object(Closure))
#13 C:\\Users\\tiffa\\Dropbox\\htdocs\\FRAMEWORK_SERVEUR\\MONSTERS_APP_LARAVEL\\vendor\\laravel\\framework\\src\\Illuminate\\Foundation\\Http\\Middleware\\VerifyCsrfToken.php(81): Illuminate\\Pipeline\\Pipeline->Illuminate\\Pipeline\\{closure}(Object(Illuminate\\Http\\Request))
#14 C:\\Users\\tiffa\\Dropbox\\htdocs\\FRAMEWORK_SERVEUR\\MONSTERS_APP_LARAVEL\\vendor\\laravel\\framework\\src\\Illuminate\\Pipeline\\Pipeline.php(183): Illuminate\\Foundation\\Http\\Middleware\\VerifyCsrfToken->handle(Object(Illuminate\\Http\\Request), Object(Closure))
#15 C:\\Users\\tiffa\\Dropbox\\htdocs\\FRAMEWORK_SERVEUR\\MONSTERS_APP_LARAVEL\\vendor\\laravel\\framework\\src\\Illuminate\\View\\Middleware\\ShareErrorsFromSession.php(49): Illuminate\\Pipeline\\Pipeline->Illuminate\\Pipeline\\{closure}(Object(Illuminate\\Http\\Request))
#16 C:\\Users\\tiffa\\Dropbox\\htdocs\\FRAMEWORK_SERVEUR\\MONSTERS_APP_LARAVEL\\vendor\\laravel\\framework\\src\\Illuminate\\Pipeline\\Pipeline.php(183): Illuminate\\View\\Middleware\\ShareErrorsFromSession->handle(Object(Illuminate\\Http\\Request), Object(Closure))
#17 C:\\Users\\tiffa\\Dropbox\\htdocs\\FRAMEWORK_SERVEUR\\MONSTERS_APP_LARAVEL\\vendor\\laravel\\framework\\src\\Illuminate\\Session\\Middleware\\StartSession.php(121): Illuminate\\Pipeline\\Pipeline->Illuminate\\Pipeline\\{closure}(Object(Illuminate\\Http\\Request))
#18 C:\\Users\\tiffa\\Dropbox\\htdocs\\FRAMEWORK_SERVEUR\\MONSTERS_APP_LARAVEL\\vendor\\laravel\\framework\\src\\Illuminate\\Session\\Middleware\\StartSession.php(64): Illuminate\\Session\\Middleware\\StartSession->handleStatefulRequest(Object(Illuminate\\Http\\Request), Object(Illuminate\\Session\\Store), Object(Closure))
#19 C:\\Users\\tiffa\\Dropbox\\htdocs\\FRAMEWORK_SERVEUR\\MONSTERS_APP_LARAVEL\\vendor\\laravel\\framework\\src\\Illuminate\\Pipeline\\Pipeline.php(183): Illuminate\\Session\\Middleware\\StartSession->handle(Object(Illuminate\\Http\\Request), Object(Closure))
#20 C:\\Users\\tiffa\\Dropbox\\htdocs\\FRAMEWORK_SERVEUR\\MONSTERS_APP_LARAVEL\\vendor\\laravel\\framework\\src\\Illuminate\\Cookie\\Middleware\\AddQueuedCookiesToResponse.php(37): Illuminate\\Pipeline\\Pipeline->Illuminate\\Pipeline\\{closure}(Object(Illuminate\\Http\\Request))
#21 C:\\Users\\tiffa\\Dropbox\\htdocs\\FRAMEWORK_SERVEUR\\MONSTERS_APP_LARAVEL\\vendor\\laravel\\framework\\src\\Illuminate\\Pipeline\\Pipeline.php(183): Illuminate\\Cookie\\Middleware\\AddQueuedCookiesToResponse->handle(Object(Illuminate\\Http\\Request), Object(Closure))
#22 C:\\Users\\tiffa\\Dropbox\\htdocs\\FRAMEWORK_SERVEUR\\MONSTERS_APP_LARAVEL\\vendor\\laravel\\framework\\src\\Illuminate\\Cookie\\Middleware\\EncryptCookies.php(75): Illuminate\\Pipeline\\Pipeline->Illuminate\\Pipeline\\{closure}(Object(Illuminate\\Http\\Request))
#23 C:\\Users\\tiffa\\Dropbox\\htdocs\\FRAMEWORK_SERVEUR\\MONSTERS_APP_LARAVEL\\vendor\\laravel\\framework\\src\\Illuminate\\Pipeline\\Pipeline.php(183): Illuminate\\Cookie\\Middleware\\EncryptCookies->handle(Object(Illuminate\\Http\\Request), Object(Closure))
#24 C:\\Users\\tiffa\\Dropbox\\htdocs\\FRAMEWORK_SERVEUR\\MONSTERS_APP_LARAVEL\\vendor\\laravel\\framework\\src\\Illuminate\\Pipeline\\Pipeline.php(119): Illuminate\\Pipeline\\Pipeline->Illuminate\\Pipeline\\{closure}(Object(Illuminate\\Http\\Request))
#25 C:\\Users\\tiffa\\Dropbox\\htdocs\\FRAMEWORK_SERVEUR\\MONSTERS_APP_LARAVEL\\vendor\\laravel\\framework\\src\\Illuminate\\Routing\\Router.php(805): Illuminate\\Pipeline\\Pipeline->then(Object(Closure))
#26 C:\\Users\\tiffa\\Dropbox\\htdocs\\FRAMEWORK_SERVEUR\\MONSTERS_APP_LARAVEL\\vendor\\laravel\\framework\\src\\Illuminate\\Routing\\Router.php(784): Illuminate\\Routing\\Router->runRouteWithinStack(Object(Illuminate\\Routing\\Route), Object(Illuminate\\Http\\Request))
#27 C:\\Users\\tiffa\\Dropbox\\htdocs\\FRAMEWORK_SERVEUR\\MONSTERS_APP_LARAVEL\\vendor\\laravel\\framework\\src\\Illuminate\\Routing\\Router.php(748): Illuminate\\Routing\\Router->runRoute(Object(Illuminate\\Http\\Request), Object(Illuminate\\Routing\\Route))
#28 C:\\Users\\tiffa\\Dropbox\\htdocs\\FRAMEWORK_SERVEUR\\MONSTERS_APP_LARAVEL\\vendor\\laravel\\framework\\src\\Illuminate\\Routing\\Router.php(737): Illuminate\\Routing\\Router->dispatchToRoute(Object(Illuminate\\Http\\Request))
#29 C:\\Users\\tiffa\\Dropbox\\htdocs\\FRAMEWORK_SERVEUR\\MONSTERS_APP_LARAVEL\\vendor\\laravel\\framework\\src\\Illuminate\\Foundation\\Http\\Kernel.php(200): Illuminate\\Routing\\Router->dispatch(Object(Illuminate\\Http\\Request))
#30 C:\\Users\\tiffa\\Dropbox\\htdocs\\FRAMEWORK_SERVEUR\\MONSTERS_APP_LARAVEL\\vendor\\laravel\\framework\\src\\Illuminate\\Pipeline\\Pipeline.php(144): Illuminate\\Foundation\\Http\\Kernel->Illuminate\\Foundation\\Http\\{closure}(Object(Illuminate\\Http\\Request))
#31 C:\\Users\\tiffa\\Dropbox\\htdocs\\FRAMEWORK_SERVEUR\\MONSTERS_APP_LARAVEL\\vendor\\laravel\\framework\\src\\Illuminate\\Http\\Middleware\\TrustProxies.php(57): Illuminate\\Pipeline\\Pipeline->Illuminate\\Pipeline\\{closure}(Object(Illuminate\\Http\\Request))
#32 C:\\Users\\tiffa\\Dropbox\\htdocs\\FRAMEWORK_SERVEUR\\MONSTERS_APP_LARAVEL\\vendor\\laravel\\framework\\src\\Illuminate\\Pipeline\\Pipeline.php(183): Illuminate\\Http\\Middleware\\TrustProxies->handle(Object(Illuminate\\Http\\Request), Object(Closure))
#33 C:\\Users\\tiffa\\Dropbox\\htdocs\\FRAMEWORK_SERVEUR\\MONSTERS_APP_LARAVEL\\vendor\\laravel\\framework\\src\\Illuminate\\Foundation\\Http\\Middleware\\TransformsRequest.php(21): Illuminate\\Pipeline\\Pipeline->Illuminate\\Pipeline\\{closure}(Object(Illuminate\\Http\\Request))
#34 C:\\Users\\tiffa\\Dropbox\\htdocs\\FRAMEWORK_SERVEUR\\MONSTERS_APP_LARAVEL\\vendor\\laravel\\framework\\src\\Illuminate\\Foundation\\Http\\Middleware\\ConvertEmptyStringsToNull.php(31): Illuminate\\Foundation\\Http\\Middleware\\TransformsRequest->handle(Object(Illuminate\\Http\\Request), Object(Closure))
#35 C:\\Users\\tiffa\\Dropbox\\htdocs\\FRAMEWORK_SERVEUR\\MONSTERS_APP_LARAVEL\\vendor\\laravel\\framework\\src\\Illuminate\\Pipeline\\Pipeline.php(183): Illuminate\\Foundation\\Http\\Middleware\\ConvertEmptyStringsToNull->handle(Object(Illuminate\\Http\\Request), Object(Closure))
#36 C:\\Users\\tiffa\\Dropbox\\htdocs\\FRAMEWORK_SERVEUR\\MONSTERS_APP_LARAVEL\\vendor\\laravel\\framework\\src\\Illuminate\\Foundation\\Http\\Middleware\\TransformsRequest.php(21): Illuminate\\Pipeline\\Pipeline->Illuminate\\Pipeline\\{closure}(Object(Illuminate\\Http\\Request))
#37 C:\\Users\\tiffa\\Dropbox\\htdocs\\FRAMEWORK_SERVEUR\\MONSTERS_APP_LARAVEL\\vendor\\laravel\\framework\\src\\Illuminate\\Foundation\\Http\\Middleware\\TrimStrings.php(50): Illuminate\\Foundation\\Http\\Middleware\\TransformsRequest->handle(Object(Illuminate\\Http\\Request), Object(Closure))
#38 C:\\Users\\tiffa\\Dropbox\\htdocs\\FRAMEWORK_SERVEUR\\MONSTERS_APP_LARAVEL\\vendor\\laravel\\framework\\src\\Illuminate\\Pipeline\\Pipeline.php(183): Illuminate\\Foundation\\Http\\Middleware\\TrimStrings->handle(Object(Illuminate\\Http\\Request), Object(Closure))
#39 C:\\Users\\tiffa\\Dropbox\\htdocs\\FRAMEWORK_SERVEUR\\MONSTERS_APP_LARAVEL\\vendor\\laravel\\framework\\src\\Illuminate\\Http\\Middleware\\ValidatePostSize.php(27): Illuminate\\Pipeline\\Pipeline->Illuminate\\Pipeline\\{closure}(Object(Illuminate\\Http\\Request))
#40 C:\\Users\\tiffa\\Dropbox\\htdocs\\FRAMEWORK_SERVEUR\\MONSTERS_APP_LARAVEL\\vendor\\laravel\\framework\\src\\Illuminate\\Pipeline\\Pipeline.php(183): Illuminate\\Http\\Middleware\\ValidatePostSize->handle(Object(Illuminate\\Http\\Request), Object(Closure))
#41 C:\\Users\\tiffa\\Dropbox\\htdocs\\FRAMEWORK_SERVEUR\\MONSTERS_APP_LARAVEL\\vendor\\laravel\\framework\\src\\Illuminate\\Foundation\\Http\\Middleware\\PreventRequestsDuringMaintenance.php(103): Illuminate\\Pipeline\\Pipeline->Illuminate\\Pipeline\\{closure}(Object(Illuminate\\Http\\Request))
#42 C:\\Users\\tiffa\\Dropbox\\htdocs\\FRAMEWORK_SERVEUR\\MONSTERS_APP_LARAVEL\\vendor\\laravel\\framework\\src\\Illuminate\\Pipeline\\Pipeline.php(183): Illuminate\\Foundation\\Http\\Middleware\\PreventRequestsDuringMaintenance->handle(Object(Illuminate\\Http\\Request), Object(Closure))
#43 C:\\Users\\tiffa\\Dropbox\\htdocs\\FRAMEWORK_SERVEUR\\MONSTERS_APP_LARAVEL\\vendor\\laravel\\framework\\src\\Illuminate\\Pipeline\\Pipeline.php(119): Illuminate\\Pipeline\\Pipeline->Illuminate\\Pipeline\\{closure}(Object(Illuminate\\Http\\Request))
#44 C:\\Users\\tiffa\\Dropbox\\htdocs\\FRAMEWORK_SERVEUR\\MONSTERS_APP_LARAVEL\\vendor\\laravel\\framework\\src\\Illuminate\\Foundation\\Http\\Kernel.php(175): Illuminate\\Pipeline\\Pipeline->then(Object(Closure))
#45 C:\\Users\\tiffa\\Dropbox\\htdocs\\FRAMEWORK_SERVEUR\\MONSTERS_APP_LARAVEL\\vendor\\laravel\\framework\\src\\Illuminate\\Foundation\\Http\\Kernel.php(144): Illuminate\\Foundation\\Http\\Kernel->sendRequestThroughRouter(Object(Illuminate\\Http\\Request))
#46 C:\\Users\\tiffa\\Dropbox\\htdocs\\FRAMEWORK_SERVEUR\\MONSTERS_APP_LARAVEL\\public\\index.php(54): Illuminate\\Foundation\\Http\\Kernel->handle(Object(Illuminate\\Http\\Request))
#47 {main}

[previous exception] [object] (Error(code: 0): Class \"Type\" not found at C:\\Users\\tiffa\\Dropbox\\htdocs\\FRAMEWORK_SERVEUR\\MONSTERS_APP_LARAVEL\\storage\\framework\\views\\0e0f9d73ef6ce5c3fe2eb12e469bf0c0.php:58)
[stacktrace]
#0 C:\\Users\\tiffa\\Dropbox\\htdocs\\FRAMEWORK_SERVEUR\\MONSTERS_APP_LARAVEL\\vendor\\laravel\\framework\\src\\Illuminate\\Filesystem\\Filesystem.php(123): require()
#1 C:\\Users\\tiffa\\Dropbox\\htdocs\\FRAMEWORK_SERVEUR\\MONSTERS_APP_LARAVEL\\vendor\\laravel\\framework\\src\\Illuminate\\Filesystem\\Filesystem.php(124): Illuminate\\Filesystem\\Filesystem::Illuminate\\Filesystem\\{closure}()
#2 C:\\Users\\tiffa\\Dropbox\\htdocs\\FRAMEWORK_SERVEUR\\MONSTERS_APP_LARAVEL\\vendor\\laravel\\framework\\src\\Illuminate\\View\\Engines\\PhpEngine.php(58): Illuminate\\Filesystem\\Filesystem->getRequire('C:\\\\Users\\\\tiffa\\\\...', Array)
#3 C:\\Users\\tiffa\\Dropbox\\htdocs\\FRAMEWORK_SERVEUR\\MONSTERS_APP_LARAVEL\\vendor\\laravel\\framework\\src\\Illuminate\\View\\Engines\\CompilerEngine.php(73): Illuminate\\View\\Engines\\PhpEngine->evaluatePath('C:\\\\Users\\\\tiffa\\\\...', Array)
#4 C:\\Users\\tiffa\\Dropbox\\htdocs\\FRAMEWORK_SERVEUR\\MONSTERS_APP_LARAVEL\\vendor\\laravel\\framework\\src\\Illuminate\\View\\View.php(208): Illuminate\\View\\Engines\\CompilerEngine->get('C:\\\\Users\\\\tiffa\\\\...', Array)
#5 C:\\Users\\tiffa\\Dropbox\\htdocs\\FRAMEWORK_SERVEUR\\MONSTERS_APP_LARAVEL\\vendor\\laravel\\framework\\src\\Illuminate\\View\\View.php(191): Illuminate\\View\\View->getContents()
#6 C:\\Users\\tiffa\\Dropbox\\htdocs\\FRAMEWORK_SERVEUR\\MONSTERS_APP_LARAVEL\\vendor\\laravel\\framework\\src\\Illuminate\\View\\View.php(160): Illuminate\\View\\View->renderContents()
#7 C:\\Users\\tiffa\\Dropbox\\htdocs\\FRAMEWORK_SERVEUR\\MONSTERS_APP_LARAVEL\\vendor\\laravel\\framework\\src\\Illuminate\\Http\\Response.php(70): Illuminate\\View\\View->render()
#8 C:\\Users\\tiffa\\Dropbox\\htdocs\\FRAMEWORK_SERVEUR\\MONSTERS_APP_LARAVEL\\vendor\\laravel\\framework\\src\\Illuminate\\Http\\Response.php(35): Illuminate\\Http\\Response->setContent(Object(Illuminate\\View\\View))
#9 C:\\Users\\tiffa\\Dropbox\\htdocs\\FRAMEWORK_SERVEUR\\MONSTERS_APP_LARAVEL\\vendor\\laravel\\framework\\src\\Illuminate\\Routing\\Router.php(918): Illuminate\\Http\\Response->__construct(Object(Illuminate\\View\\View), 200, Array)
#10 C:\\Users\\tiffa\\Dropbox\\htdocs\\FRAMEWORK_SERVEUR\\MONSTERS_APP_LARAVEL\\vendor\\laravel\\framework\\src\\Illuminate\\Routing\\Router.php(885): Illuminate\\Routing\\Router::toResponse(Object(Illuminate\\Http\\Request), Object(Illuminate\\View\\View))
#11 C:\\Users\\tiffa\\Dropbox\\htdocs\\FRAMEWORK_SERVEUR\\MONSTERS_APP_LARAVEL\\vendor\\laravel\\framework\\src\\Illuminate\\Routing\\Router.php(805): Illuminate\\Routing\\Router->prepareResponse(Object(Illuminate\\Http\\Request), Object(Illuminate\\View\\View))
#12 C:\\Users\\tiffa\\Dropbox\\htdocs\\FRAMEWORK_SERVEUR\\MONSTERS_APP_LARAVEL\\vendor\\laravel\\framework\\src\\Illuminate\\Pipeline\\Pipeline.php(144): Illuminate\\Routing\\Router->Illuminate\\Routing\\{closure}(Object(Illuminate\\Http\\Request))
#13 C:\\Users\\tiffa\\Dropbox\\htdocs\\FRAMEWORK_SERVEUR\\MONSTERS_APP_LARAVEL\\vendor\\laravel\\framework\\src\\Illuminate\\Routing\\Middleware\\SubstituteBindings.php(50): Illuminate\\Pipeline\\Pipeline->Illuminate\\Pipeline\\{closure}(Object(Illuminate\\Http\\Request))
#14 C:\\Users\\tiffa\\Dropbox\\htdocs\\FRAMEWORK_SERVEUR\\MONSTERS_APP_LARAVEL\\vendor\\laravel\\framework\\src\\Illuminate\\Pipeline\\Pipeline.php(183): Illuminate\\Routing\\Middleware\\SubstituteBindings->handle(Object(Illuminate\\Http\\Request), Object(Closure))
#15 C:\\Users\\tiffa\\Dropbox\\htdocs\\FRAMEWORK_SERVEUR\\MONSTERS_APP_LARAVEL\\vendor\\laravel\\framework\\src\\Illuminate\\Foundation\\Http\\Middleware\\VerifyCsrfToken.php(81): Illuminate\\Pipeline\\Pipeline->Illuminate\\Pipeline\\{closure}(Object(Illuminate\\Http\\Request))
#16 C:\\Users\\tiffa\\Dropbox\\htdocs\\FRAMEWORK_SERVEUR\\MONSTERS_APP_LARAVEL\\vendor\\laravel\\framework\\src\\Illuminate\\Pipeline\\Pipeline.php(183): Illuminate\\Foundation\\Http\\Middleware\\VerifyCsrfToken->handle(Object(Illuminate\\Http\\Request), Object(Closure))
#17 C:\\Users\\tiffa\\Dropbox\\htdocs\\FRAMEWORK_SERVEUR\\MONSTERS_APP_LARAVEL\\vendor\\laravel\\framework\\src\\Illuminate\\View\\Middleware\\ShareErrorsFromSession.php(49): Illuminate\\Pipeline\\Pipeline->Illuminate\\Pipeline\\{closure}(Object(Illuminate\\Http\\Request))
#18 C:\\Users\\tiffa\\Dropbox\\htdocs\\FRAMEWORK_SERVEUR\\MONSTERS_APP_LARAVEL\\vendor\\laravel\\framework\\src\\Illuminate\\Pipeline\\Pipeline.php(183): Illuminate\\View\\Middleware\\ShareErrorsFromSession->handle(Object(Illuminate\\Http\\Request), Object(Closure))
#19 C:\\Users\\tiffa\\Dropbox\\htdocs\\FRAMEWORK_SERVEUR\\MONSTERS_APP_LARAVEL\\vendor\\laravel\\framework\\src\\Illuminate\\Session\\Middleware\\StartSession.php(121): Illuminate\\Pipeline\\Pipeline->Illuminate\\Pipeline\\{closure}(Object(Illuminate\\Http\\Request))
#20 C:\\Users\\tiffa\\Dropbox\\htdocs\\FRAMEWORK_SERVEUR\\MONSTERS_APP_LARAVEL\\vendor\\laravel\\framework\\src\\Illuminate\\Session\\Middleware\\StartSession.php(64): Illuminate\\Session\\Middleware\\StartSession->handleStatefulRequest(Object(Illuminate\\Http\\Request), Object(Illuminate\\Session\\Store), Object(Closure))
#21 C:\\Users\\tiffa\\Dropbox\\htdocs\\FRAMEWORK_SERVEUR\\MONSTERS_APP_LARAVEL\\vendor\\laravel\\framework\\src\\Illuminate\\Pipeline\\Pipeline.php(183): Illuminate\\Session\\Middleware\\StartSession->handle(Object(Illuminate\\Http\\Request), Object(Closure))
#22 C:\\Users\\tiffa\\Dropbox\\htdocs\\FRAMEWORK_SERVEUR\\MONSTERS_APP_LARAVEL\\vendor\\laravel\\framework\\src\\Illuminate\\Cookie\\Middleware\\AddQueuedCookiesToResponse.php(37): Illuminate\\Pipeline\\Pipeline->Illuminate\\Pipeline\\{closure}(Object(Illuminate\\Http\\Request))
#23 C:\\Users\\tiffa\\Dropbox\\htdocs\\FRAMEWORK_SERVEUR\\MONSTERS_APP_LARAVEL\\vendor\\laravel\\framework\\src\\Illuminate\\Pipeline\\Pipeline.php(183): Illuminate\\Cookie\\Middleware\\AddQueuedCookiesToResponse->handle(Object(Illuminate\\Http\\Request), Object(Closure))
#24 C:\\Users\\tiffa\\Dropbox\\htdocs\\FRAMEWORK_SERVEUR\\MONSTERS_APP_LARAVEL\\vendor\\laravel\\framework\\src\\Illuminate\\Cookie\\Middleware\\EncryptCookies.php(75): Illuminate\\Pipeline\\Pipeline->Illuminate\\Pipeline\\{closure}(Object(Illuminate\\Http\\Request))
#25 C:\\Users\\tiffa\\Dropbox\\htdocs\\FRAMEWORK_SERVEUR\\MONSTERS_APP_LARAVEL\\vendor\\laravel\\framework\\src\\Illuminate\\Pipeline\\Pipeline.php(183): Illuminate\\Cookie\\Middleware\\EncryptCookies->handle(Object(Illuminate\\Http\\Request), Object(Closure))
#26 C:\\Users\\tiffa\\Dropbox\\htdocs\\FRAMEWORK_SERVEUR\\MONSTERS_APP_LARAVEL\\vendor\\laravel\\framework\\src\\Illuminate\\Pipeline\\Pipeline.php(119): Illuminate\\Pipeline\\Pipeline->Illuminate\\Pipeline\\{closure}(Object(Illuminate\\Http\\Request))
#27 C:\\Users\\tiffa\\Dropbox\\htdocs\\FRAMEWORK_SERVEUR\\MONSTERS_APP_LARAVEL\\vendor\\laravel\\framework\\src\\Illuminate\\Routing\\Router.php(805): Illuminate\\Pipeline\\Pipeline->then(Object(Closure))
#28 C:\\Users\\tiffa\\Dropbox\\htdocs\\FRAMEWORK_SERVEUR\\MONSTERS_APP_LARAVEL\\vendor\\laravel\\framework\\src\\Illuminate\\Routing\\Router.php(784): Illuminate\\Routing\\Router->runRouteWithinStack(Object(Illuminate\\Routing\\Route), Object(Illuminate\\Http\\Request))
#29 C:\\Users\\tiffa\\Dropbox\\htdocs\\FRAMEWORK_SERVEUR\\MONSTERS_APP_LARAVEL\\vendor\\laravel\\framework\\src\\Illuminate\\Routing\\Router.php(748): Illuminate\\Routing\\Router->runRoute(Object(Illuminate\\Http\\Request), Object(Illuminate\\Routing\\Route))
#30 C:\\Users\\tiffa\\Dropbox\\htdocs\\FRAMEWORK_SERVEUR\\MONSTERS_APP_LARAVEL\\vendor\\laravel\\framework\\src\\Illuminate\\Routing\\Router.php(737): Illuminate\\Routing\\Router->dispatchToRoute(Object(Illuminate\\Http\\Request))
#31 C:\\Users\\tiffa\\Dropbox\\htdocs\\FRAMEWORK_SERVEUR\\MONSTERS_APP_LARAVEL\\vendor\\laravel\\framework\\src\\Illuminate\\Foundation\\Http\\Kernel.php(200): Illuminate\\Routing\\Router->dispatch(Object(Illuminate\\Http\\Request))
#32 C:\\Users\\tiffa\\Dropbox\\htdocs\\FRAMEWORK_SERVEUR\\MONSTERS_APP_LARAVEL\\vendor\\laravel\\framework\\src\\Illuminate\\Pipeline\\Pipeline.php(144): Illuminate\\Foundation\\Http\\Kernel->Illuminate\\Foundation\\Http\\{closure}(Object(Illuminate\\Http\\Request))
#33 C:\\Users\\tiffa\\Dropbox\\htdocs\\FRAMEWORK_SERVEUR\\MONSTERS_APP_LARAVEL\\vendor\\laravel\\framework\\src\\Illuminate\\Http\\Middleware\\TrustProxies.php(57): Illuminate\\Pipeline\\Pipeline->Illuminate\\Pipeline\\{closure}(Object(Illuminate\\Http\\Request))
#34 C:\\Users\\tiffa\\Dropbox\\htdocs\\FRAMEWORK_SERVEUR\\MONSTERS_APP_LARAVEL\\vendor\\laravel\\framework\\src\\Illuminate\\Pipeline\\Pipeline.php(183): Illuminate\\Http\\Middleware\\TrustProxies->handle(Object(Illuminate\\Http\\Request), Object(Closure))
#35 C:\\Users\\tiffa\\Dropbox\\htdocs\\FRAMEWORK_SERVEUR\\MONSTERS_APP_LARAVEL\\vendor\\laravel\\framework\\src\\Illuminate\\Foundation\\Http\\Middleware\\TransformsRequest.php(21): Illuminate\\Pipeline\\Pipeline->Illuminate\\Pipeline\\{closure}(Object(Illuminate\\Http\\Request))
#36 C:\\Users\\tiffa\\Dropbox\\htdocs\\FRAMEWORK_SERVEUR\\MONSTERS_APP_LARAVEL\\vendor\\laravel\\framework\\src\\Illuminate\\Foundation\\Http\\Middleware\\ConvertEmptyStringsToNull.php(31): Illuminate\\Foundation\\Http\\Middleware\\TransformsRequest->handle(Object(Illuminate\\Http\\Request), Object(Closure))
#37 C:\\Users\\tiffa\\Dropbox\\htdocs\\FRAMEWORK_SERVEUR\\MONSTERS_APP_LARAVEL\\vendor\\laravel\\framework\\src\\Illuminate\\Pipeline\\Pipeline.php(183): Illuminate\\Foundation\\Http\\Middleware\\ConvertEmptyStringsToNull->handle(Object(Illuminate\\Http\\Request), Object(Closure))
#38 C:\\Users\\tiffa\\Dropbox\\htdocs\\FRAMEWORK_SERVEUR\\MONSTERS_APP_LARAVEL\\vendor\\laravel\\framework\\src\\Illuminate\\Foundation\\Http\\Middleware\\TransformsRequest.php(21): Illuminate\\Pipeline\\Pipeline->Illuminate\\Pipeline\\{closure}(Object(Illuminate\\Http\\Request))
#39 C:\\Users\\tiffa\\Dropbox\\htdocs\\FRAMEWORK_SERVEUR\\MONSTERS_APP_LARAVEL\\vendor\\laravel\\framework\\src\\Illuminate\\Foundation\\Http\\Middleware\\TrimStrings.php(50): Illuminate\\Foundation\\Http\\Middleware\\TransformsRequest->handle(Object(Illuminate\\Http\\Request), Object(Closure))
#40 C:\\Users\\tiffa\\Dropbox\\htdocs\\FRAMEWORK_SERVEUR\\MONSTERS_APP_LARAVEL\\vendor\\laravel\\framework\\src\\Illuminate\\Pipeline\\Pipeline.php(183): Illuminate\\Foundation\\Http\\Middleware\\TrimStrings->handle(Object(Illuminate\\Http\\Request), Object(Closure))
#41 C:\\Users\\tiffa\\Dropbox\\htdocs\\FRAMEWORK_SERVEUR\\MONSTERS_APP_LARAVEL\\vendor\\laravel\\framework\\src\\Illuminate\\Http\\Middleware\\ValidatePostSize.php(27): Illuminate\\Pipeline\\Pipeline->Illuminate\\Pipeline\\{closure}(Object(Illuminate\\Http\\Request))
#42 C:\\Users\\tiffa\\Dropbox\\htdocs\\FRAMEWORK_SERVEUR\\MONSTERS_APP_LARAVEL\\vendor\\laravel\\framework\\src\\Illuminate\\Pipeline\\Pipeline.php(183): Illuminate\\Http\\Middleware\\ValidatePostSize->handle(Object(Illuminate\\Http\\Request), Object(Closure))
#43 C:\\Users\\tiffa\\Dropbox\\htdocs\\FRAMEWORK_SERVEUR\\MONSTERS_APP_LARAVEL\\vendor\\laravel\\framework\\src\\Illuminate\\Foundation\\Http\\Middleware\\PreventRequestsDuringMaintenance.php(103): Illuminate\\Pipeline\\Pipeline->Illuminate\\Pipeline\\{closure}(Object(Illuminate\\Http\\Request))
#44 C:\\Users\\tiffa\\Dropbox\\htdocs\\FRAMEWORK_SERVEUR\\MONSTERS_APP_LARAVEL\\vendor\\laravel\\framework\\src\\Illuminate\\Pipeline\\Pipeline.php(183): Illuminate\\Foundation\\Http\\Middleware\\PreventRequestsDuringMaintenance->handle(Object(Illuminate\\Http\\Request), Object(Closure))
#45 C:\\Users\\tiffa\\Dropbox\\htdocs\\FRAMEWORK_SERVEUR\\MONSTERS_APP_LARAVEL\\vendor\\laravel\\framework\\src\\Illuminate\\Pipeline\\Pipeline.php(119): Illuminate\\Pipeline\\Pipeline->Illuminate\\Pipeline\\{closure}(Object(Illuminate\\Http\\Request))
#46 C:\\Users\\tiffa\\Dropbox\\htdocs\\FRAMEWORK_SERVEUR\\MONSTERS_APP_LARAVEL\\vendor\\laravel\\framework\\src\\Illuminate\\Foundation\\Http\\Kernel.php(175): Illuminate\\Pipeline\\Pipeline->then(Object(Closure))
#47 C:\\Users\\tiffa\\Dropbox\\htdocs\\FRAMEWORK_SERVEUR\\MONSTERS_APP_LARAVEL\\vendor\\laravel\\framework\\src\\Illuminate\\Foundation\\Http\\Kernel.php(144): Illuminate\\Foundation\\Http\\Kernel->sendRequestThroughRouter(Object(Illuminate\\Http\\Request))
#48 C:\\Users\\tiffa\\Dropbox\\htdocs\\FRAMEWORK_SERVEUR\\MONSTERS_APP_LARAVEL\\public\\index.php(54): Illuminate\\Foundation\\Http\\Kernel->handle(Object(Illuminate\\Http\\Request))
#49 {main}
"} 
[2025-01-20 12:57:28] local.ERROR: App\Http\Controllers\MonstersController::show(): Argument #1 ($id) must be of type int, string given, called in C:\Users\tiffa\Dropbox\htdocs\FRAMEWORK_SERVEUR\MONSTERS_APP_LARAVEL\vendor\laravel\framework\src\Illuminate\Routing\Controller.php on line 54 {"exception":"[object] (TypeError(code: 0): App\\Http\\Controllers\\MonstersController::show(): Argument #1 ($id) must be of type int, string given, called in C:\\Users\\tiffa\\Dropbox\\htdocs\\FRAMEWORK_SERVEUR\\MONSTERS_APP_LARAVEL\\vendor\\laravel\\framework\\src\\Illuminate\\Routing\\Controller.php on line 54 at C:\\Users\\tiffa\\Dropbox\\htdocs\\FRAMEWORK_SERVEUR\\MONSTERS_APP_LARAVEL\\app\\Http\\Controllers\\MonstersController.php:22)
[stacktrace]
#0 C:\\Users\\tiffa\\Dropbox\\htdocs\\FRAMEWORK_SERVEUR\\MONSTERS_APP_LARAVEL\\vendor\\laravel\\framework\\src\\Illuminate\\Routing\\Controller.php(54): App\\Http\\Controllers\\MonstersController->show('images', 'favico.png')
#1 C:\\Users\\tiffa\\Dropbox\\htdocs\\FRAMEWORK_SERVEUR\\MONSTERS_APP_LARAVEL\\vendor\\laravel\\framework\\src\\Illuminate\\Routing\\ControllerDispatcher.php(43): Illuminate\\Routing\\Controller->callAction('show', Array)
#2 C:\\Users\\tiffa\\Dropbox\\htdocs\\FRAMEWORK_SERVEUR\\MONSTERS_APP_LARAVEL\\vendor\\laravel\\framework\\src\\Illuminate\\Routing\\Route.php(260): Illuminate\\Routing\\ControllerDispatcher->dispatch(Object(Illuminate\\Routing\\Route), Object(App\\Http\\Controllers\\MonstersController), 'show')
#3 C:\\Users\\tiffa\\Dropbox\\htdocs\\FRAMEWORK_SERVEUR\\MONSTERS_APP_LARAVEL\\vendor\\laravel\\framework\\src\\Illuminate\\Routing\\Route.php(206): Illuminate\\Routing\\Route->runController()
#4 C:\\Users\\tiffa\\Dropbox\\htdocs\\FRAMEWORK_SERVEUR\\MONSTERS_APP_LARAVEL\\vendor\\laravel\\framework\\src\\Illuminate\\Routing\\Router.php(806): Illuminate\\Routing\\Route->run()
#5 C:\\Users\\tiffa\\Dropbox\\htdocs\\FRAMEWORK_SERVEUR\\MONSTERS_APP_LARAVEL\\vendor\\laravel\\framework\\src\\Illuminate\\Pipeline\\Pipeline.php(144): Illuminate\\Routing\\Router->Illuminate\\Routing\\{closure}(Object(Illuminate\\Http\\Request))
#6 C:\\Users\\tiffa\\Dropbox\\htdocs\\FRAMEWORK_SERVEUR\\MONSTERS_APP_LARAVEL\\vendor\\laravel\\framework\\src\\Illuminate\\Routing\\Middleware\\SubstituteBindings.php(50): Illuminate\\Pipeline\\Pipeline->Illuminate\\Pipeline\\{closure}(Object(Illuminate\\Http\\Request))
#7 C:\\Users\\tiffa\\Dropbox\\htdocs\\FRAMEWORK_SERVEUR\\MONSTERS_APP_LARAVEL\\vendor\\laravel\\framework\\src\\Illuminate\\Pipeline\\Pipeline.php(183): Illuminate\\Routing\\Middleware\\SubstituteBindings->handle(Object(Illuminate\\Http\\Request), Object(Closure))
#8 C:\\Users\\tiffa\\Dropbox\\htdocs\\FRAMEWORK_SERVEUR\\MONSTERS_APP_LARAVEL\\vendor\\laravel\\framework\\src\\Illuminate\\Foundation\\Http\\Middleware\\VerifyCsrfToken.php(81): Illuminate\\Pipeline\\Pipeline->Illuminate\\Pipeline\\{closure}(Object(Illuminate\\Http\\Request))
#9 C:\\Users\\tiffa\\Dropbox\\htdocs\\FRAMEWORK_SERVEUR\\MONSTERS_APP_LARAVEL\\vendor\\laravel\\framework\\src\\Illuminate\\Pipeline\\Pipeline.php(183): Illuminate\\Foundation\\Http\\Middleware\\VerifyCsrfToken->handle(Object(Illuminate\\Http\\Request), Object(Closure))
#10 C:\\Users\\tiffa\\Dropbox\\htdocs\\FRAMEWORK_SERVEUR\\MONSTERS_APP_LARAVEL\\vendor\\laravel\\framework\\src\\Illuminate\\View\\Middleware\\ShareErrorsFromSession.php(49): Illuminate\\Pipeline\\Pipeline->Illuminate\\Pipeline\\{closure}(Object(Illuminate\\Http\\Request))
#11 C:\\Users\\tiffa\\Dropbox\\htdocs\\FRAMEWORK_SERVEUR\\MONSTERS_APP_LARAVEL\\vendor\\laravel\\framework\\src\\Illuminate\\Pipeline\\Pipeline.php(183): Illuminate\\View\\Middleware\\ShareErrorsFromSession->handle(Object(Illuminate\\Http\\Request), Object(Closure))
#12 C:\\Users\\tiffa\\Dropbox\\htdocs\\FRAMEWORK_SERVEUR\\MONSTERS_APP_LARAVEL\\vendor\\laravel\\framework\\src\\Illuminate\\Session\\Middleware\\StartSession.php(121): Illuminate\\Pipeline\\Pipeline->Illuminate\\Pipeline\\{closure}(Object(Illuminate\\Http\\Request))
#13 C:\\Users\\tiffa\\Dropbox\\htdocs\\FRAMEWORK_SERVEUR\\MONSTERS_APP_LARAVEL\\vendor\\laravel\\framework\\src\\Illuminate\\Session\\Middleware\\StartSession.php(64): Illuminate\\Session\\Middleware\\StartSession->handleStatefulRequest(Object(Illuminate\\Http\\Request), Object(Illuminate\\Session\\Store), Object(Closure))
#14 C:\\Users\\tiffa\\Dropbox\\htdocs\\FRAMEWORK_SERVEUR\\MONSTERS_APP_LARAVEL\\vendor\\laravel\\framework\\src\\Illuminate\\Pipeline\\Pipeline.php(183): Illuminate\\Session\\Middleware\\StartSession->handle(Object(Illuminate\\Http\\Request), Object(Closure))
#15 C:\\Users\\tiffa\\Dropbox\\htdocs\\FRAMEWORK_SERVEUR\\MONSTERS_APP_LARAVEL\\vendor\\laravel\\framework\\src\\Illuminate\\Cookie\\Middleware\\AddQueuedCookiesToResponse.php(37): Illuminate\\Pipeline\\Pipeline->Illuminate\\Pipeline\\{closure}(Object(Illuminate\\Http\\Request))
#16 C:\\Users\\tiffa\\Dropbox\\htdocs\\FRAMEWORK_SERVEUR\\MONSTERS_APP_LARAVEL\\vendor\\laravel\\framework\\src\\Illuminate\\Pipeline\\Pipeline.php(183): Illuminate\\Cookie\\Middleware\\AddQueuedCookiesToResponse->handle(Object(Illuminate\\Http\\Request), Object(Closure))
#17 C:\\Users\\tiffa\\Dropbox\\htdocs\\FRAMEWORK_SERVEUR\\MONSTERS_APP_LARAVEL\\vendor\\laravel\\framework\\src\\Illuminate\\Cookie\\Middleware\\EncryptCookies.php(75): Illuminate\\Pipeline\\Pipeline->Illuminate\\Pipeline\\{closure}(Object(Illuminate\\Http\\Request))
#18 C:\\Users\\tiffa\\Dropbox\\htdocs\\FRAMEWORK_SERVEUR\\MONSTERS_APP_LARAVEL\\vendor\\laravel\\framework\\src\\Illuminate\\Pipeline\\Pipeline.php(183): Illuminate\\Cookie\\Middleware\\EncryptCookies->handle(Object(Illuminate\\Http\\Request), Object(Closure))
#19 C:\\Users\\tiffa\\Dropbox\\htdocs\\FRAMEWORK_SERVEUR\\MONSTERS_APP_LARAVEL\\vendor\\laravel\\framework\\src\\Illuminate\\Pipeline\\Pipeline.php(119): Illuminate\\Pipeline\\Pipeline->Illuminate\\Pipeline\\{closure}(Object(Illuminate\\Http\\Request))
#20 C:\\Users\\tiffa\\Dropbox\\htdocs\\FRAMEWORK_SERVEUR\\MONSTERS_APP_LARAVEL\\vendor\\laravel\\framework\\src\\Illuminate\\Routing\\Router.php(805): Illuminate\\Pipeline\\Pipeline->then(Object(Closure))
#21 C:\\Users\\tiffa\\Dropbox\\htdocs\\FRAMEWORK_SERVEUR\\MONSTERS_APP_LARAVEL\\vendor\\laravel\\framework\\src\\Illuminate\\Routing\\Router.php(784): Illuminate\\Routing\\Router->runRouteWithinStack(Object(Illuminate\\Routing\\Route), Object(Illuminate\\Http\\Request))
#22 C:\\Users\\tiffa\\Dropbox\\htdocs\\FRAMEWORK_SERVEUR\\MONSTERS_APP_LARAVEL\\vendor\\laravel\\framework\\src\\Illuminate\\Routing\\Router.php(748): Illuminate\\Routing\\Router->runRoute(Object(Illuminate\\Http\\Request), Object(Illuminate\\Routing\\Route))
#23 C:\\Users\\tiffa\\Dropbox\\htdocs\\FRAMEWORK_SERVEUR\\MONSTERS_APP_LARAVEL\\vendor\\laravel\\framework\\src\\Illuminate\\Routing\\Router.php(737): Illuminate\\Routing\\Router->dispatchToRoute(Object(Illuminate\\Http\\Request))
#24 C:\\Users\\tiffa\\Dropbox\\htdocs\\FRAMEWORK_SERVEUR\\MONSTERS_APP_LARAVEL\\vendor\\laravel\\framework\\src\\Illuminate\\Foundation\\Http\\Kernel.php(200): Illuminate\\Routing\\Router->dispatch(Object(Illuminate\\Http\\Request))
#25 C:\\Users\\tiffa\\Dropbox\\htdocs\\FRAMEWORK_SERVEUR\\MONSTERS_APP_LARAVEL\\vendor\\laravel\\framework\\src\\Illuminate\\Pipeline\\Pipeline.php(144): Illuminate\\Foundation\\Http\\Kernel->Illuminate\\Foundation\\Http\\{closure}(Object(Illuminate\\Http\\Request))
#26 C:\\Users\\tiffa\\Dropbox\\htdocs\\FRAMEWORK_SERVEUR\\MONSTERS_APP_LARAVEL\\vendor\\laravel\\framework\\src\\Illuminate\\Http\\Middleware\\TrustProxies.php(57): Illuminate\\Pipeline\\Pipeline->Illuminate\\Pipeline\\{closure}(Object(Illuminate\\Http\\Request))
#27 C:\\Users\\tiffa\\Dropbox\\htdocs\\FRAMEWORK_SERVEUR\\MONSTERS_APP_LARAVEL\\vendor\\laravel\\framework\\src\\Illuminate\\Pipeline\\Pipeline.php(183): Illuminate\\Http\\Middleware\\TrustProxies->handle(Object(Illuminate\\Http\\Request), Object(Closure))
#28 C:\\Users\\tiffa\\Dropbox\\htdocs\\FRAMEWORK_SERVEUR\\MONSTERS_APP_LARAVEL\\vendor\\laravel\\framework\\src\\Illuminate\\Foundation\\Http\\Middleware\\TransformsRequest.php(21): Illuminate\\Pipeline\\Pipeline->Illuminate\\Pipeline\\{closure}(Object(Illuminate\\Http\\Request))
#29 C:\\Users\\tiffa\\Dropbox\\htdocs\\FRAMEWORK_SERVEUR\\MONSTERS_APP_LARAVEL\\vendor\\laravel\\framework\\src\\Illuminate\\Foundation\\Http\\Middleware\\ConvertEmptyStringsToNull.php(31): Illuminate\\Foundation\\Http\\Middleware\\TransformsRequest->handle(Object(Illuminate\\Http\\Request), Object(Closure))
#30 C:\\Users\\tiffa\\Dropbox\\htdocs\\FRAMEWORK_SERVEUR\\MONSTERS_APP_LARAVEL\\vendor\\laravel\\framework\\src\\Illuminate\\Pipeline\\Pipeline.php(183): Illuminate\\Foundation\\Http\\Middleware\\ConvertEmptyStringsToNull->handle(Object(Illuminate\\Http\\Request), Object(Closure))
#31 C:\\Users\\tiffa\\Dropbox\\htdocs\\FRAMEWORK_SERVEUR\\MONSTERS_APP_LARAVEL\\vendor\\laravel\\framework\\src\\Illuminate\\Foundation\\Http\\Middleware\\TransformsRequest.php(21): Illuminate\\Pipeline\\Pipeline->Illuminate\\Pipeline\\{closure}(Object(Illuminate\\Http\\Request))
#32 C:\\Users\\tiffa\\Dropbox\\htdocs\\FRAMEWORK_SERVEUR\\MONSTERS_APP_LARAVEL\\vendor\\laravel\\framework\\src\\Illuminate\\Foundation\\Http\\Middleware\\TrimStrings.php(50): Illuminate\\Foundation\\Http\\Middleware\\TransformsRequest->handle(Object(Illuminate\\Http\\Request), Object(Closure))
#33 C:\\Users\\tiffa\\Dropbox\\htdocs\\FRAMEWORK_SERVEUR\\MONSTERS_APP_LARAVEL\\vendor\\laravel\\framework\\src\\Illuminate\\Pipeline\\Pipeline.php(183): Illuminate\\Foundation\\Http\\Middleware\\TrimStrings->handle(Object(Illuminate\\Http\\Request), Object(Closure))
#34 C:\\Users\\tiffa\\Dropbox\\htdocs\\FRAMEWORK_SERVEUR\\MONSTERS_APP_LARAVEL\\vendor\\laravel\\framework\\src\\Illuminate\\Http\\Middleware\\ValidatePostSize.php(27): Illuminate\\Pipeline\\Pipeline->Illuminate\\Pipeline\\{closure}(Object(Illuminate\\Http\\Request))
#35 C:\\Users\\tiffa\\Dropbox\\htdocs\\FRAMEWORK_SERVEUR\\MONSTERS_APP_LARAVEL\\vendor\\laravel\\framework\\src\\Illuminate\\Pipeline\\Pipeline.php(183): Illuminate\\Http\\Middleware\\ValidatePostSize->handle(Object(Illuminate\\Http\\Request), Object(Closure))
#36 C:\\Users\\tiffa\\Dropbox\\htdocs\\FRAMEWORK_SERVEUR\\MONSTERS_APP_LARAVEL\\vendor\\laravel\\framework\\src\\Illuminate\\Foundation\\Http\\Middleware\\PreventRequestsDuringMaintenance.php(103): Illuminate\\Pipeline\\Pipeline->Illuminate\\Pipeline\\{closure}(Object(Illuminate\\Http\\Request))
#37 C:\\Users\\tiffa\\Dropbox\\htdocs\\FRAMEWORK_SERVEUR\\MONSTERS_APP_LARAVEL\\vendor\\laravel\\framework\\src\\Illuminate\\Pipeline\\Pipeline.php(183): Illuminate\\Foundation\\Http\\Middleware\\PreventRequestsDuringMaintenance->handle(Object(Illuminate\\Http\\Request), Object(Closure))
#38 C:\\Users\\tiffa\\Dropbox\\htdocs\\FRAMEWORK_SERVEUR\\MONSTERS_APP_LARAVEL\\vendor\\laravel\\framework\\src\\Illuminate\\Pipeline\\Pipeline.php(119): Illuminate\\Pipeline\\Pipeline->Illuminate\\Pipeline\\{closure}(Object(Illuminate\\Http\\Request))
#39 C:\\Users\\tiffa\\Dropbox\\htdocs\\FRAMEWORK_SERVEUR\\MONSTERS_APP_LARAVEL\\vendor\\laravel\\framework\\src\\Illuminate\\Foundation\\Http\\Kernel.php(175): Illuminate\\Pipeline\\Pipeline->then(Object(Closure))
#40 C:\\Users\\tiffa\\Dropbox\\htdocs\\FRAMEWORK_SERVEUR\\MONSTERS_APP_LARAVEL\\vendor\\laravel\\framework\\src\\Illuminate\\Foundation\\Http\\Kernel.php(144): Illuminate\\Foundation\\Http\\Kernel->sendRequestThroughRouter(Object(Illuminate\\Http\\Request))
#41 C:\\Users\\tiffa\\Dropbox\\htdocs\\FRAMEWORK_SERVEUR\\MONSTERS_APP_LARAVEL\\public\\index.php(54): Illuminate\\Foundation\\Http\\Kernel->handle(Object(Illuminate\\Http\\Request))
#42 {main}
"} 
[2025-01-20 13:00:21] local.ERROR: App\Http\Controllers\MonstersController::show(): Argument #1 ($id) must be of type int, string given, called in C:\Users\tiffa\Dropbox\htdocs\FRAMEWORK_SERVEUR\MONSTERS_APP_LARAVEL\vendor\laravel\framework\src\Illuminate\Routing\Controller.php on line 54 {"exception":"[object] (TypeError(code: 0): App\\Http\\Controllers\\MonstersController::show(): Argument #1 ($id) must be of type int, string given, called in C:\\Users\\tiffa\\Dropbox\\htdocs\\FRAMEWORK_SERVEUR\\MONSTERS_APP_LARAVEL\\vendor\\laravel\\framework\\src\\Illuminate\\Routing\\Controller.php on line 54 at C:\\Users\\tiffa\\Dropbox\\htdocs\\FRAMEWORK_SERVEUR\\MONSTERS_APP_LARAVEL\\app\\Http\\Controllers\\MonstersController.php:22)
[stacktrace]
#0 C:\\Users\\tiffa\\Dropbox\\htdocs\\FRAMEWORK_SERVEUR\\MONSTERS_APP_LARAVEL\\vendor\\laravel\\framework\\src\\Illuminate\\Routing\\Controller.php(54): App\\Http\\Controllers\\MonstersController->show('images', 'favico.png')
#1 C:\\Users\\tiffa\\Dropbox\\htdocs\\FRAMEWORK_SERVEUR\\MONSTERS_APP_LARAVEL\\vendor\\laravel\\framework\\src\\Illuminate\\Routing\\ControllerDispatcher.php(43): Illuminate\\Routing\\Controller->callAction('show', Array)
#2 C:\\Users\\tiffa\\Dropbox\\htdocs\\FRAMEWORK_SERVEUR\\MONSTERS_APP_LARAVEL\\vendor\\laravel\\framework\\src\\Illuminate\\Routing\\Route.php(260): Illuminate\\Routing\\ControllerDispatcher->dispatch(Object(Illuminate\\Routing\\Route), Object(App\\Http\\Controllers\\MonstersController), 'show')
#3 C:\\Users\\tiffa\\Dropbox\\htdocs\\FRAMEWORK_SERVEUR\\MONSTERS_APP_LARAVEL\\vendor\\laravel\\framework\\src\\Illuminate\\Routing\\Route.php(206): Illuminate\\Routing\\Route->runController()
#4 C:\\Users\\tiffa\\Dropbox\\htdocs\\FRAMEWORK_SERVEUR\\MONSTERS_APP_LARAVEL\\vendor\\laravel\\framework\\src\\Illuminate\\Routing\\Router.php(806): Illuminate\\Routing\\Route->run()
#5 C:\\Users\\tiffa\\Dropbox\\htdocs\\FRAMEWORK_SERVEUR\\MONSTERS_APP_LARAVEL\\vendor\\laravel\\framework\\src\\Illuminate\\Pipeline\\Pipeline.php(144): Illuminate\\Routing\\Router->Illuminate\\Routing\\{closure}(Object(Illuminate\\Http\\Request))
#6 C:\\Users\\tiffa\\Dropbox\\htdocs\\FRAMEWORK_SERVEUR\\MONSTERS_APP_LARAVEL\\vendor\\laravel\\framework\\src\\Illuminate\\Routing\\Middleware\\SubstituteBindings.php(50): Illuminate\\Pipeline\\Pipeline->Illuminate\\Pipeline\\{closure}(Object(Illuminate\\Http\\Request))
#7 C:\\Users\\tiffa\\Dropbox\\htdocs\\FRAMEWORK_SERVEUR\\MONSTERS_APP_LARAVEL\\vendor\\laravel\\framework\\src\\Illuminate\\Pipeline\\Pipeline.php(183): Illuminate\\Routing\\Middleware\\SubstituteBindings->handle(Object(Illuminate\\Http\\Request), Object(Closure))
#8 C:\\Users\\tiffa\\Dropbox\\htdocs\\FRAMEWORK_SERVEUR\\MONSTERS_APP_LARAVEL\\vendor\\laravel\\framework\\src\\Illuminate\\Foundation\\Http\\Middleware\\VerifyCsrfToken.php(81): Illuminate\\Pipeline\\Pipeline->Illuminate\\Pipeline\\{closure}(Object(Illuminate\\Http\\Request))
#9 C:\\Users\\tiffa\\Dropbox\\htdocs\\FRAMEWORK_SERVEUR\\MONSTERS_APP_LARAVEL\\vendor\\laravel\\framework\\src\\Illuminate\\Pipeline\\Pipeline.php(183): Illuminate\\Foundation\\Http\\Middleware\\VerifyCsrfToken->handle(Object(Illuminate\\Http\\Request), Object(Closure))
#10 C:\\Users\\tiffa\\Dropbox\\htdocs\\FRAMEWORK_SERVEUR\\MONSTERS_APP_LARAVEL\\vendor\\laravel\\framework\\src\\Illuminate\\View\\Middleware\\ShareErrorsFromSession.php(49): Illuminate\\Pipeline\\Pipeline->Illuminate\\Pipeline\\{closure}(Object(Illuminate\\Http\\Request))
#11 C:\\Users\\tiffa\\Dropbox\\htdocs\\FRAMEWORK_SERVEUR\\MONSTERS_APP_LARAVEL\\vendor\\laravel\\framework\\src\\Illuminate\\Pipeline\\Pipeline.php(183): Illuminate\\View\\Middleware\\ShareErrorsFromSession->handle(Object(Illuminate\\Http\\Request), Object(Closure))
#12 C:\\Users\\tiffa\\Dropbox\\htdocs\\FRAMEWORK_SERVEUR\\MONSTERS_APP_LARAVEL\\vendor\\laravel\\framework\\src\\Illuminate\\Session\\Middleware\\StartSession.php(121): Illuminate\\Pipeline\\Pipeline->Illuminate\\Pipeline\\{closure}(Object(Illuminate\\Http\\Request))
#13 C:\\Users\\tiffa\\Dropbox\\htdocs\\FRAMEWORK_SERVEUR\\MONSTERS_APP_LARAVEL\\vendor\\laravel\\framework\\src\\Illuminate\\Session\\Middleware\\StartSession.php(64): Illuminate\\Session\\Middleware\\StartSession->handleStatefulRequest(Object(Illuminate\\Http\\Request), Object(Illuminate\\Session\\Store), Object(Closure))
#14 C:\\Users\\tiffa\\Dropbox\\htdocs\\FRAMEWORK_SERVEUR\\MONSTERS_APP_LARAVEL\\vendor\\laravel\\framework\\src\\Illuminate\\Pipeline\\Pipeline.php(183): Illuminate\\Session\\Middleware\\StartSession->handle(Object(Illuminate\\Http\\Request), Object(Closure))
#15 C:\\Users\\tiffa\\Dropbox\\htdocs\\FRAMEWORK_SERVEUR\\MONSTERS_APP_LARAVEL\\vendor\\laravel\\framework\\src\\Illuminate\\Cookie\\Middleware\\AddQueuedCookiesToResponse.php(37): Illuminate\\Pipeline\\Pipeline->Illuminate\\Pipeline\\{closure}(Object(Illuminate\\Http\\Request))
#16 C:\\Users\\tiffa\\Dropbox\\htdocs\\FRAMEWORK_SERVEUR\\MONSTERS_APP_LARAVEL\\vendor\\laravel\\framework\\src\\Illuminate\\Pipeline\\Pipeline.php(183): Illuminate\\Cookie\\Middleware\\AddQueuedCookiesToResponse->handle(Object(Illuminate\\Http\\Request), Object(Closure))
#17 C:\\Users\\tiffa\\Dropbox\\htdocs\\FRAMEWORK_SERVEUR\\MONSTERS_APP_LARAVEL\\vendor\\laravel\\framework\\src\\Illuminate\\Cookie\\Middleware\\EncryptCookies.php(75): Illuminate\\Pipeline\\Pipeline->Illuminate\\Pipeline\\{closure}(Object(Illuminate\\Http\\Request))
#18 C:\\Users\\tiffa\\Dropbox\\htdocs\\FRAMEWORK_SERVEUR\\MONSTERS_APP_LARAVEL\\vendor\\laravel\\framework\\src\\Illuminate\\Pipeline\\Pipeline.php(183): Illuminate\\Cookie\\Middleware\\EncryptCookies->handle(Object(Illuminate\\Http\\Request), Object(Closure))
#19 C:\\Users\\tiffa\\Dropbox\\htdocs\\FRAMEWORK_SERVEUR\\MONSTERS_APP_LARAVEL\\vendor\\laravel\\framework\\src\\Illuminate\\Pipeline\\Pipeline.php(119): Illuminate\\Pipeline\\Pipeline->Illuminate\\Pipeline\\{closure}(Object(Illuminate\\Http\\Request))
#20 C:\\Users\\tiffa\\Dropbox\\htdocs\\FRAMEWORK_SERVEUR\\MONSTERS_APP_LARAVEL\\vendor\\laravel\\framework\\src\\Illuminate\\Routing\\Router.php(805): Illuminate\\Pipeline\\Pipeline->then(Object(Closure))
#21 C:\\Users\\tiffa\\Dropbox\\htdocs\\FRAMEWORK_SERVEUR\\MONSTERS_APP_LARAVEL\\vendor\\laravel\\framework\\src\\Illuminate\\Routing\\Router.php(784): Illuminate\\Routing\\Router->runRouteWithinStack(Object(Illuminate\\Routing\\Route), Object(Illuminate\\Http\\Request))
#22 C:\\Users\\tiffa\\Dropbox\\htdocs\\FRAMEWORK_SERVEUR\\MONSTERS_APP_LARAVEL\\vendor\\laravel\\framework\\src\\Illuminate\\Routing\\Router.php(748): Illuminate\\Routing\\Router->runRoute(Object(Illuminate\\Http\\Request), Object(Illuminate\\Routing\\Route))
#23 C:\\Users\\tiffa\\Dropbox\\htdocs\\FRAMEWORK_SERVEUR\\MONSTERS_APP_LARAVEL\\vendor\\laravel\\framework\\src\\Illuminate\\Routing\\Router.php(737): Illuminate\\Routing\\Router->dispatchToRoute(Object(Illuminate\\Http\\Request))
#24 C:\\Users\\tiffa\\Dropbox\\htdocs\\FRAMEWORK_SERVEUR\\MONSTERS_APP_LARAVEL\\vendor\\laravel\\framework\\src\\Illuminate\\Foundation\\Http\\Kernel.php(200): Illuminate\\Routing\\Router->dispatch(Object(Illuminate\\Http\\Request))
#25 C:\\Users\\tiffa\\Dropbox\\htdocs\\FRAMEWORK_SERVEUR\\MONSTERS_APP_LARAVEL\\vendor\\laravel\\framework\\src\\Illuminate\\Pipeline\\Pipeline.php(144): Illuminate\\Foundation\\Http\\Kernel->Illuminate\\Foundation\\Http\\{closure}(Object(Illuminate\\Http\\Request))
#26 C:\\Users\\tiffa\\Dropbox\\htdocs\\FRAMEWORK_SERVEUR\\MONSTERS_APP_LARAVEL\\vendor\\laravel\\framework\\src\\Illuminate\\Http\\Middleware\\TrustProxies.php(57): Illuminate\\Pipeline\\Pipeline->Illuminate\\Pipeline\\{closure}(Object(Illuminate\\Http\\Request))
#27 C:\\Users\\tiffa\\Dropbox\\htdocs\\FRAMEWORK_SERVEUR\\MONSTERS_APP_LARAVEL\\vendor\\laravel\\framework\\src\\Illuminate\\Pipeline\\Pipeline.php(183): Illuminate\\Http\\Middleware\\TrustProxies->handle(Object(Illuminate\\Http\\Request), Object(Closure))
#28 C:\\Users\\tiffa\\Dropbox\\htdocs\\FRAMEWORK_SERVEUR\\MONSTERS_APP_LARAVEL\\vendor\\laravel\\framework\\src\\Illuminate\\Foundation\\Http\\Middleware\\TransformsRequest.php(21): Illuminate\\Pipeline\\Pipeline->Illuminate\\Pipeline\\{closure}(Object(Illuminate\\Http\\Request))
#29 C:\\Users\\tiffa\\Dropbox\\htdocs\\FRAMEWORK_SERVEUR\\MONSTERS_APP_LARAVEL\\vendor\\laravel\\framework\\src\\Illuminate\\Foundation\\Http\\Middleware\\ConvertEmptyStringsToNull.php(31): Illuminate\\Foundation\\Http\\Middleware\\TransformsRequest->handle(Object(Illuminate\\Http\\Request), Object(Closure))
#30 C:\\Users\\tiffa\\Dropbox\\htdocs\\FRAMEWORK_SERVEUR\\MONSTERS_APP_LARAVEL\\vendor\\laravel\\framework\\src\\Illuminate\\Pipeline\\Pipeline.php(183): Illuminate\\Foundation\\Http\\Middleware\\ConvertEmptyStringsToNull->handle(Object(Illuminate\\Http\\Request), Object(Closure))
#31 C:\\Users\\tiffa\\Dropbox\\htdocs\\FRAMEWORK_SERVEUR\\MONSTERS_APP_LARAVEL\\vendor\\laravel\\framework\\src\\Illuminate\\Foundation\\Http\\Middleware\\TransformsRequest.php(21): Illuminate\\Pipeline\\Pipeline->Illuminate\\Pipeline\\{closure}(Object(Illuminate\\Http\\Request))
#32 C:\\Users\\tiffa\\Dropbox\\htdocs\\FRAMEWORK_SERVEUR\\MONSTERS_APP_LARAVEL\\vendor\\laravel\\framework\\src\\Illuminate\\Foundation\\Http\\Middleware\\TrimStrings.php(50): Illuminate\\Foundation\\Http\\Middleware\\TransformsRequest->handle(Object(Illuminate\\Http\\Request), Object(Closure))
#33 C:\\Users\\tiffa\\Dropbox\\htdocs\\FRAMEWORK_SERVEUR\\MONSTERS_APP_LARAVEL\\vendor\\laravel\\framework\\src\\Illuminate\\Pipeline\\Pipeline.php(183): Illuminate\\Foundation\\Http\\Middleware\\TrimStrings->handle(Object(Illuminate\\Http\\Request), Object(Closure))
#34 C:\\Users\\tiffa\\Dropbox\\htdocs\\FRAMEWORK_SERVEUR\\MONSTERS_APP_LARAVEL\\vendor\\laravel\\framework\\src\\Illuminate\\Http\\Middleware\\ValidatePostSize.php(27): Illuminate\\Pipeline\\Pipeline->Illuminate\\Pipeline\\{closure}(Object(Illuminate\\Http\\Request))
#35 C:\\Users\\tiffa\\Dropbox\\htdocs\\FRAMEWORK_SERVEUR\\MONSTERS_APP_LARAVEL\\vendor\\laravel\\framework\\src\\Illuminate\\Pipeline\\Pipeline.php(183): Illuminate\\Http\\Middleware\\ValidatePostSize->handle(Object(Illuminate\\Http\\Request), Object(Closure))
#36 C:\\Users\\tiffa\\Dropbox\\htdocs\\FRAMEWORK_SERVEUR\\MONSTERS_APP_LARAVEL\\vendor\\laravel\\framework\\src\\Illuminate\\Foundation\\Http\\Middleware\\PreventRequestsDuringMaintenance.php(103): Illuminate\\Pipeline\\Pipeline->Illuminate\\Pipeline\\{closure}(Object(Illuminate\\Http\\Request))
#37 C:\\Users\\tiffa\\Dropbox\\htdocs\\FRAMEWORK_SERVEUR\\MONSTERS_APP_LARAVEL\\vendor\\laravel\\framework\\src\\Illuminate\\Pipeline\\Pipeline.php(183): Illuminate\\Foundation\\Http\\Middleware\\PreventRequestsDuringMaintenance->handle(Object(Illuminate\\Http\\Request), Object(Closure))
#38 C:\\Users\\tiffa\\Dropbox\\htdocs\\FRAMEWORK_SERVEUR\\MONSTERS_APP_LARAVEL\\vendor\\laravel\\framework\\src\\Illuminate\\Pipeline\\Pipeline.php(119): Illuminate\\Pipeline\\Pipeline->Illuminate\\Pipeline\\{closure}(Object(Illuminate\\Http\\Request))
#39 C:\\Users\\tiffa\\Dropbox\\htdocs\\FRAMEWORK_SERVEUR\\MONSTERS_APP_LARAVEL\\vendor\\laravel\\framework\\src\\Illuminate\\Foundation\\Http\\Kernel.php(175): Illuminate\\Pipeline\\Pipeline->then(Object(Closure))
#40 C:\\Users\\tiffa\\Dropbox\\htdocs\\FRAMEWORK_SERVEUR\\MONSTERS_APP_LARAVEL\\vendor\\laravel\\framework\\src\\Illuminate\\Foundation\\Http\\Kernel.php(144): Illuminate\\Foundation\\Http\\Kernel->sendRequestThroughRouter(Object(Illuminate\\Http\\Request))
#41 C:\\Users\\tiffa\\Dropbox\\htdocs\\FRAMEWORK_SERVEUR\\MONSTERS_APP_LARAVEL\\public\\index.php(54): Illuminate\\Foundation\\Http\\Kernel->handle(Object(Illuminate\\Http\\Request))
#42 {main}
"} 
[2025-01-20 13:04:49] local.ERROR: App\Http\Controllers\MonstersController::show(): Argument #1 ($id) must be of type int, string given, called in C:\Users\tiffa\Dropbox\htdocs\FRAMEWORK_SERVEUR\MONSTERS_APP_LARAVEL\vendor\laravel\framework\src\Illuminate\Routing\Controller.php on line 54 {"exception":"[object] (TypeError(code: 0): App\\Http\\Controllers\\MonstersController::show(): Argument #1 ($id) must be of type int, string given, called in C:\\Users\\tiffa\\Dropbox\\htdocs\\FRAMEWORK_SERVEUR\\MONSTERS_APP_LARAVEL\\vendor\\laravel\\framework\\src\\Illuminate\\Routing\\Controller.php on line 54 at C:\\Users\\tiffa\\Dropbox\\htdocs\\FRAMEWORK_SERVEUR\\MONSTERS_APP_LARAVEL\\app\\Http\\Controllers\\MonstersController.php:22)
[stacktrace]
#0 C:\\Users\\tiffa\\Dropbox\\htdocs\\FRAMEWORK_SERVEUR\\MONSTERS_APP_LARAVEL\\vendor\\laravel\\framework\\src\\Illuminate\\Routing\\Controller.php(54): App\\Http\\Controllers\\MonstersController->show('images', 'favico.png')
#1 C:\\Users\\tiffa\\Dropbox\\htdocs\\FRAMEWORK_SERVEUR\\MONSTERS_APP_LARAVEL\\vendor\\laravel\\framework\\src\\Illuminate\\Routing\\ControllerDispatcher.php(43): Illuminate\\Routing\\Controller->callAction('show', Array)
#2 C:\\Users\\tiffa\\Dropbox\\htdocs\\FRAMEWORK_SERVEUR\\MONSTERS_APP_LARAVEL\\vendor\\laravel\\framework\\src\\Illuminate\\Routing\\Route.php(260): Illuminate\\Routing\\ControllerDispatcher->dispatch(Object(Illuminate\\Routing\\Route), Object(App\\Http\\Controllers\\MonstersController), 'show')
#3 C:\\Users\\tiffa\\Dropbox\\htdocs\\FRAMEWORK_SERVEUR\\MONSTERS_APP_LARAVEL\\vendor\\laravel\\framework\\src\\Illuminate\\Routing\\Route.php(206): Illuminate\\Routing\\Route->runController()
#4 C:\\Users\\tiffa\\Dropbox\\htdocs\\FRAMEWORK_SERVEUR\\MONSTERS_APP_LARAVEL\\vendor\\laravel\\framework\\src\\Illuminate\\Routing\\Router.php(806): Illuminate\\Routing\\Route->run()
#5 C:\\Users\\tiffa\\Dropbox\\htdocs\\FRAMEWORK_SERVEUR\\MONSTERS_APP_LARAVEL\\vendor\\laravel\\framework\\src\\Illuminate\\Pipeline\\Pipeline.php(144): Illuminate\\Routing\\Router->Illuminate\\Routing\\{closure}(Object(Illuminate\\Http\\Request))
#6 C:\\Users\\tiffa\\Dropbox\\htdocs\\FRAMEWORK_SERVEUR\\MONSTERS_APP_LARAVEL\\vendor\\laravel\\framework\\src\\Illuminate\\Routing\\Middleware\\SubstituteBindings.php(50): Illuminate\\Pipeline\\Pipeline->Illuminate\\Pipeline\\{closure}(Object(Illuminate\\Http\\Request))
#7 C:\\Users\\tiffa\\Dropbox\\htdocs\\FRAMEWORK_SERVEUR\\MONSTERS_APP_LARAVEL\\vendor\\laravel\\framework\\src\\Illuminate\\Pipeline\\Pipeline.php(183): Illuminate\\Routing\\Middleware\\SubstituteBindings->handle(Object(Illuminate\\Http\\Request), Object(Closure))
#8 C:\\Users\\tiffa\\Dropbox\\htdocs\\FRAMEWORK_SERVEUR\\MONSTERS_APP_LARAVEL\\vendor\\laravel\\framework\\src\\Illuminate\\Foundation\\Http\\Middleware\\VerifyCsrfToken.php(81): Illuminate\\Pipeline\\Pipeline->Illuminate\\Pipeline\\{closure}(Object(Illuminate\\Http\\Request))
#9 C:\\Users\\tiffa\\Dropbox\\htdocs\\FRAMEWORK_SERVEUR\\MONSTERS_APP_LARAVEL\\vendor\\laravel\\framework\\src\\Illuminate\\Pipeline\\Pipeline.php(183): Illuminate\\Foundation\\Http\\Middleware\\VerifyCsrfToken->handle(Object(Illuminate\\Http\\Request), Object(Closure))
#10 C:\\Users\\tiffa\\Dropbox\\htdocs\\FRAMEWORK_SERVEUR\\MONSTERS_APP_LARAVEL\\vendor\\laravel\\framework\\src\\Illuminate\\View\\Middleware\\ShareErrorsFromSession.php(49): Illuminate\\Pipeline\\Pipeline->Illuminate\\Pipeline\\{closure}(Object(Illuminate\\Http\\Request))
#11 C:\\Users\\tiffa\\Dropbox\\htdocs\\FRAMEWORK_SERVEUR\\MONSTERS_APP_LARAVEL\\vendor\\laravel\\framework\\src\\Illuminate\\Pipeline\\Pipeline.php(183): Illuminate\\View\\Middleware\\ShareErrorsFromSession->handle(Object(Illuminate\\Http\\Request), Object(Closure))
#12 C:\\Users\\tiffa\\Dropbox\\htdocs\\FRAMEWORK_SERVEUR\\MONSTERS_APP_LARAVEL\\vendor\\laravel\\framework\\src\\Illuminate\\Session\\Middleware\\StartSession.php(121): Illuminate\\Pipeline\\Pipeline->Illuminate\\Pipeline\\{closure}(Object(Illuminate\\Http\\Request))
#13 C:\\Users\\tiffa\\Dropbox\\htdocs\\FRAMEWORK_SERVEUR\\MONSTERS_APP_LARAVEL\\vendor\\laravel\\framework\\src\\Illuminate\\Session\\Middleware\\StartSession.php(64): Illuminate\\Session\\Middleware\\StartSession->handleStatefulRequest(Object(Illuminate\\Http\\Request), Object(Illuminate\\Session\\Store), Object(Closure))
#14 C:\\Users\\tiffa\\Dropbox\\htdocs\\FRAMEWORK_SERVEUR\\MONSTERS_APP_LARAVEL\\vendor\\laravel\\framework\\src\\Illuminate\\Pipeline\\Pipeline.php(183): Illuminate\\Session\\Middleware\\StartSession->handle(Object(Illuminate\\Http\\Request), Object(Closure))
#15 C:\\Users\\tiffa\\Dropbox\\htdocs\\FRAMEWORK_SERVEUR\\MONSTERS_APP_LARAVEL\\vendor\\laravel\\framework\\src\\Illuminate\\Cookie\\Middleware\\AddQueuedCookiesToResponse.php(37): Illuminate\\Pipeline\\Pipeline->Illuminate\\Pipeline\\{closure}(Object(Illuminate\\Http\\Request))
#16 C:\\Users\\tiffa\\Dropbox\\htdocs\\FRAMEWORK_SERVEUR\\MONSTERS_APP_LARAVEL\\vendor\\laravel\\framework\\src\\Illuminate\\Pipeline\\Pipeline.php(183): Illuminate\\Cookie\\Middleware\\AddQueuedCookiesToResponse->handle(Object(Illuminate\\Http\\Request), Object(Closure))
#17 C:\\Users\\tiffa\\Dropbox\\htdocs\\FRAMEWORK_SERVEUR\\MONSTERS_APP_LARAVEL\\vendor\\laravel\\framework\\src\\Illuminate\\Cookie\\Middleware\\EncryptCookies.php(75): Illuminate\\Pipeline\\Pipeline->Illuminate\\Pipeline\\{closure}(Object(Illuminate\\Http\\Request))
#18 C:\\Users\\tiffa\\Dropbox\\htdocs\\FRAMEWORK_SERVEUR\\MONSTERS_APP_LARAVEL\\vendor\\laravel\\framework\\src\\Illuminate\\Pipeline\\Pipeline.php(183): Illuminate\\Cookie\\Middleware\\EncryptCookies->handle(Object(Illuminate\\Http\\Request), Object(Closure))
#19 C:\\Users\\tiffa\\Dropbox\\htdocs\\FRAMEWORK_SERVEUR\\MONSTERS_APP_LARAVEL\\vendor\\laravel\\framework\\src\\Illuminate\\Pipeline\\Pipeline.php(119): Illuminate\\Pipeline\\Pipeline->Illuminate\\Pipeline\\{closure}(Object(Illuminate\\Http\\Request))
#20 C:\\Users\\tiffa\\Dropbox\\htdocs\\FRAMEWORK_SERVEUR\\MONSTERS_APP_LARAVEL\\vendor\\laravel\\framework\\src\\Illuminate\\Routing\\Router.php(805): Illuminate\\Pipeline\\Pipeline->then(Object(Closure))
#21 C:\\Users\\tiffa\\Dropbox\\htdocs\\FRAMEWORK_SERVEUR\\MONSTERS_APP_LARAVEL\\vendor\\laravel\\framework\\src\\Illuminate\\Routing\\Router.php(784): Illuminate\\Routing\\Router->runRouteWithinStack(Object(Illuminate\\Routing\\Route), Object(Illuminate\\Http\\Request))
#22 C:\\Users\\tiffa\\Dropbox\\htdocs\\FRAMEWORK_SERVEUR\\MONSTERS_APP_LARAVEL\\vendor\\laravel\\framework\\src\\Illuminate\\Routing\\Router.php(748): Illuminate\\Routing\\Router->runRoute(Object(Illuminate\\Http\\Request), Object(Illuminate\\Routing\\Route))
#23 C:\\Users\\tiffa\\Dropbox\\htdocs\\FRAMEWORK_SERVEUR\\MONSTERS_APP_LARAVEL\\vendor\\laravel\\framework\\src\\Illuminate\\Routing\\Router.php(737): Illuminate\\Routing\\Router->dispatchToRoute(Object(Illuminate\\Http\\Request))
#24 C:\\Users\\tiffa\\Dropbox\\htdocs\\FRAMEWORK_SERVEUR\\MONSTERS_APP_LARAVEL\\vendor\\laravel\\framework\\src\\Illuminate\\Foundation\\Http\\Kernel.php(200): Illuminate\\Routing\\Router->dispatch(Object(Illuminate\\Http\\Request))
#25 C:\\Users\\tiffa\\Dropbox\\htdocs\\FRAMEWORK_SERVEUR\\MONSTERS_APP_LARAVEL\\vendor\\laravel\\framework\\src\\Illuminate\\Pipeline\\Pipeline.php(144): Illuminate\\Foundation\\Http\\Kernel->Illuminate\\Foundation\\Http\\{closure}(Object(Illuminate\\Http\\Request))
#26 C:\\Users\\tiffa\\Dropbox\\htdocs\\FRAMEWORK_SERVEUR\\MONSTERS_APP_LARAVEL\\vendor\\laravel\\framework\\src\\Illuminate\\Http\\Middleware\\TrustProxies.php(57): Illuminate\\Pipeline\\Pipeline->Illuminate\\Pipeline\\{closure}(Object(Illuminate\\Http\\Request))
#27 C:\\Users\\tiffa\\Dropbox\\htdocs\\FRAMEWORK_SERVEUR\\MONSTERS_APP_LARAVEL\\vendor\\laravel\\framework\\src\\Illuminate\\Pipeline\\Pipeline.php(183): Illuminate\\Http\\Middleware\\TrustProxies->handle(Object(Illuminate\\Http\\Request), Object(Closure))
#28 C:\\Users\\tiffa\\Dropbox\\htdocs\\FRAMEWORK_SERVEUR\\MONSTERS_APP_LARAVEL\\vendor\\laravel\\framework\\src\\Illuminate\\Foundation\\Http\\Middleware\\TransformsRequest.php(21): Illuminate\\Pipeline\\Pipeline->Illuminate\\Pipeline\\{closure}(Object(Illuminate\\Http\\Request))
#29 C:\\Users\\tiffa\\Dropbox\\htdocs\\FRAMEWORK_SERVEUR\\MONSTERS_APP_LARAVEL\\vendor\\laravel\\framework\\src\\Illuminate\\Foundation\\Http\\Middleware\\ConvertEmptyStringsToNull.php(31): Illuminate\\Foundation\\Http\\Middleware\\TransformsRequest->handle(Object(Illuminate\\Http\\Request), Object(Closure))
#30 C:\\Users\\tiffa\\Dropbox\\htdocs\\FRAMEWORK_SERVEUR\\MONSTERS_APP_LARAVEL\\vendor\\laravel\\framework\\src\\Illuminate\\Pipeline\\Pipeline.php(183): Illuminate\\Foundation\\Http\\Middleware\\ConvertEmptyStringsToNull->handle(Object(Illuminate\\Http\\Request), Object(Closure))
#31 C:\\Users\\tiffa\\Dropbox\\htdocs\\FRAMEWORK_SERVEUR\\MONSTERS_APP_LARAVEL\\vendor\\laravel\\framework\\src\\Illuminate\\Foundation\\Http\\Middleware\\TransformsRequest.php(21): Illuminate\\Pipeline\\Pipeline->Illuminate\\Pipeline\\{closure}(Object(Illuminate\\Http\\Request))
#32 C:\\Users\\tiffa\\Dropbox\\htdocs\\FRAMEWORK_SERVEUR\\MONSTERS_APP_LARAVEL\\vendor\\laravel\\framework\\src\\Illuminate\\Foundation\\Http\\Middleware\\TrimStrings.php(50): Illuminate\\Foundation\\Http\\Middleware\\TransformsRequest->handle(Object(Illuminate\\Http\\Request), Object(Closure))
#33 C:\\Users\\tiffa\\Dropbox\\htdocs\\FRAMEWORK_SERVEUR\\MONSTERS_APP_LARAVEL\\vendor\\laravel\\framework\\src\\Illuminate\\Pipeline\\Pipeline.php(183): Illuminate\\Foundation\\Http\\Middleware\\TrimStrings->handle(Object(Illuminate\\Http\\Request), Object(Closure))
#34 C:\\Users\\tiffa\\Dropbox\\htdocs\\FRAMEWORK_SERVEUR\\MONSTERS_APP_LARAVEL\\vendor\\laravel\\framework\\src\\Illuminate\\Http\\Middleware\\ValidatePostSize.php(27): Illuminate\\Pipeline\\Pipeline->Illuminate\\Pipeline\\{closure}(Object(Illuminate\\Http\\Request))
#35 C:\\Users\\tiffa\\Dropbox\\htdocs\\FRAMEWORK_SERVEUR\\MONSTERS_APP_LARAVEL\\vendor\\laravel\\framework\\src\\Illuminate\\Pipeline\\Pipeline.php(183): Illuminate\\Http\\Middleware\\ValidatePostSize->handle(Object(Illuminate\\Http\\Request), Object(Closure))
#36 C:\\Users\\tiffa\\Dropbox\\htdocs\\FRAMEWORK_SERVEUR\\MONSTERS_APP_LARAVEL\\vendor\\laravel\\framework\\src\\Illuminate\\Foundation\\Http\\Middleware\\PreventRequestsDuringMaintenance.php(103): Illuminate\\Pipeline\\Pipeline->Illuminate\\Pipeline\\{closure}(Object(Illuminate\\Http\\Request))
#37 C:\\Users\\tiffa\\Dropbox\\htdocs\\FRAMEWORK_SERVEUR\\MONSTERS_APP_LARAVEL\\vendor\\laravel\\framework\\src\\Illuminate\\Pipeline\\Pipeline.php(183): Illuminate\\Foundation\\Http\\Middleware\\PreventRequestsDuringMaintenance->handle(Object(Illuminate\\Http\\Request), Object(Closure))
#38 C:\\Users\\tiffa\\Dropbox\\htdocs\\FRAMEWORK_SERVEUR\\MONSTERS_APP_LARAVEL\\vendor\\laravel\\framework\\src\\Illuminate\\Pipeline\\Pipeline.php(119): Illuminate\\Pipeline\\Pipeline->Illuminate\\Pipeline\\{closure}(Object(Illuminate\\Http\\Request))
#39 C:\\Users\\tiffa\\Dropbox\\htdocs\\FRAMEWORK_SERVEUR\\MONSTERS_APP_LARAVEL\\vendor\\laravel\\framework\\src\\Illuminate\\Foundation\\Http\\Kernel.php(175): Illuminate\\Pipeline\\Pipeline->then(Object(Closure))
#40 C:\\Users\\tiffa\\Dropbox\\htdocs\\FRAMEWORK_SERVEUR\\MONSTERS_APP_LARAVEL\\vendor\\laravel\\framework\\src\\Illuminate\\Foundation\\Http\\Kernel.php(144): Illuminate\\Foundation\\Http\\Kernel->sendRequestThroughRouter(Object(Illuminate\\Http\\Request))
#41 C:\\Users\\tiffa\\Dropbox\\htdocs\\FRAMEWORK_SERVEUR\\MONSTERS_APP_LARAVEL\\public\\index.php(54): Illuminate\\Foundation\\Http\\Kernel->handle(Object(Illuminate\\Http\\Request))
#42 {main}
"} 
[2025-01-20 13:05:24] local.ERROR: App\Http\Controllers\MonstersController::show(): Argument #1 ($id) must be of type int, string given, called in C:\Users\tiffa\Dropbox\htdocs\FRAMEWORK_SERVEUR\MONSTERS_APP_LARAVEL\vendor\laravel\framework\src\Illuminate\Routing\Controller.php on line 54 {"exception":"[object] (TypeError(code: 0): App\\Http\\Controllers\\MonstersController::show(): Argument #1 ($id) must be of type int, string given, called in C:\\Users\\tiffa\\Dropbox\\htdocs\\FRAMEWORK_SERVEUR\\MONSTERS_APP_LARAVEL\\vendor\\laravel\\framework\\src\\Illuminate\\Routing\\Controller.php on line 54 at C:\\Users\\tiffa\\Dropbox\\htdocs\\FRAMEWORK_SERVEUR\\MONSTERS_APP_LARAVEL\\app\\Http\\Controllers\\MonstersController.php:22)
[stacktrace]
#0 C:\\Users\\tiffa\\Dropbox\\htdocs\\FRAMEWORK_SERVEUR\\MONSTERS_APP_LARAVEL\\vendor\\laravel\\framework\\src\\Illuminate\\Routing\\Controller.php(54): App\\Http\\Controllers\\MonstersController->show('images', 'favico.png')
#1 C:\\Users\\tiffa\\Dropbox\\htdocs\\FRAMEWORK_SERVEUR\\MONSTERS_APP_LARAVEL\\vendor\\laravel\\framework\\src\\Illuminate\\Routing\\ControllerDispatcher.php(43): Illuminate\\Routing\\Controller->callAction('show', Array)
#2 C:\\Users\\tiffa\\Dropbox\\htdocs\\FRAMEWORK_SERVEUR\\MONSTERS_APP_LARAVEL\\vendor\\laravel\\framework\\src\\Illuminate\\Routing\\Route.php(260): Illuminate\\Routing\\ControllerDispatcher->dispatch(Object(Illuminate\\Routing\\Route), Object(App\\Http\\Controllers\\MonstersController), 'show')
#3 C:\\Users\\tiffa\\Dropbox\\htdocs\\FRAMEWORK_SERVEUR\\MONSTERS_APP_LARAVEL\\vendor\\laravel\\framework\\src\\Illuminate\\Routing\\Route.php(206): Illuminate\\Routing\\Route->runController()
#4 C:\\Users\\tiffa\\Dropbox\\htdocs\\FRAMEWORK_SERVEUR\\MONSTERS_APP_LARAVEL\\vendor\\laravel\\framework\\src\\Illuminate\\Routing\\Router.php(806): Illuminate\\Routing\\Route->run()
#5 C:\\Users\\tiffa\\Dropbox\\htdocs\\FRAMEWORK_SERVEUR\\MONSTERS_APP_LARAVEL\\vendor\\laravel\\framework\\src\\Illuminate\\Pipeline\\Pipeline.php(144): Illuminate\\Routing\\Router->Illuminate\\Routing\\{closure}(Object(Illuminate\\Http\\Request))
#6 C:\\Users\\tiffa\\Dropbox\\htdocs\\FRAMEWORK_SERVEUR\\MONSTERS_APP_LARAVEL\\vendor\\laravel\\framework\\src\\Illuminate\\Routing\\Middleware\\SubstituteBindings.php(50): Illuminate\\Pipeline\\Pipeline->Illuminate\\Pipeline\\{closure}(Object(Illuminate\\Http\\Request))
#7 C:\\Users\\tiffa\\Dropbox\\htdocs\\FRAMEWORK_SERVEUR\\MONSTERS_APP_LARAVEL\\vendor\\laravel\\framework\\src\\Illuminate\\Pipeline\\Pipeline.php(183): Illuminate\\Routing\\Middleware\\SubstituteBindings->handle(Object(Illuminate\\Http\\Request), Object(Closure))
#8 C:\\Users\\tiffa\\Dropbox\\htdocs\\FRAMEWORK_SERVEUR\\MONSTERS_APP_LARAVEL\\vendor\\laravel\\framework\\src\\Illuminate\\Foundation\\Http\\Middleware\\VerifyCsrfToken.php(81): Illuminate\\Pipeline\\Pipeline->Illuminate\\Pipeline\\{closure}(Object(Illuminate\\Http\\Request))
#9 C:\\Users\\tiffa\\Dropbox\\htdocs\\FRAMEWORK_SERVEUR\\MONSTERS_APP_LARAVEL\\vendor\\laravel\\framework\\src\\Illuminate\\Pipeline\\Pipeline.php(183): Illuminate\\Foundation\\Http\\Middleware\\VerifyCsrfToken->handle(Object(Illuminate\\Http\\Request), Object(Closure))
#10 C:\\Users\\tiffa\\Dropbox\\htdocs\\FRAMEWORK_SERVEUR\\MONSTERS_APP_LARAVEL\\vendor\\laravel\\framework\\src\\Illuminate\\View\\Middleware\\ShareErrorsFromSession.php(49): Illuminate\\Pipeline\\Pipeline->Illuminate\\Pipeline\\{closure}(Object(Illuminate\\Http\\Request))
#11 C:\\Users\\tiffa\\Dropbox\\htdocs\\FRAMEWORK_SERVEUR\\MONSTERS_APP_LARAVEL\\vendor\\laravel\\framework\\src\\Illuminate\\Pipeline\\Pipeline.php(183): Illuminate\\View\\Middleware\\ShareErrorsFromSession->handle(Object(Illuminate\\Http\\Request), Object(Closure))
#12 C:\\Users\\tiffa\\Dropbox\\htdocs\\FRAMEWORK_SERVEUR\\MONSTERS_APP_LARAVEL\\vendor\\laravel\\framework\\src\\Illuminate\\Session\\Middleware\\StartSession.php(121): Illuminate\\Pipeline\\Pipeline->Illuminate\\Pipeline\\{closure}(Object(Illuminate\\Http\\Request))
#13 C:\\Users\\tiffa\\Dropbox\\htdocs\\FRAMEWORK_SERVEUR\\MONSTERS_APP_LARAVEL\\vendor\\laravel\\framework\\src\\Illuminate\\Session\\Middleware\\StartSession.php(64): Illuminate\\Session\\Middleware\\StartSession->handleStatefulRequest(Object(Illuminate\\Http\\Request), Object(Illuminate\\Session\\Store), Object(Closure))
#14 C:\\Users\\tiffa\\Dropbox\\htdocs\\FRAMEWORK_SERVEUR\\MONSTERS_APP_LARAVEL\\vendor\\laravel\\framework\\src\\Illuminate\\Pipeline\\Pipeline.php(183): Illuminate\\Session\\Middleware\\StartSession->handle(Object(Illuminate\\Http\\Request), Object(Closure))
#15 C:\\Users\\tiffa\\Dropbox\\htdocs\\FRAMEWORK_SERVEUR\\MONSTERS_APP_LARAVEL\\vendor\\laravel\\framework\\src\\Illuminate\\Cookie\\Middleware\\AddQueuedCookiesToResponse.php(37): Illuminate\\Pipeline\\Pipeline->Illuminate\\Pipeline\\{closure}(Object(Illuminate\\Http\\Request))
#16 C:\\Users\\tiffa\\Dropbox\\htdocs\\FRAMEWORK_SERVEUR\\MONSTERS_APP_LARAVEL\\vendor\\laravel\\framework\\src\\Illuminate\\Pipeline\\Pipeline.php(183): Illuminate\\Cookie\\Middleware\\AddQueuedCookiesToResponse->handle(Object(Illuminate\\Http\\Request), Object(Closure))
#17 C:\\Users\\tiffa\\Dropbox\\htdocs\\FRAMEWORK_SERVEUR\\MONSTERS_APP_LARAVEL\\vendor\\laravel\\framework\\src\\Illuminate\\Cookie\\Middleware\\EncryptCookies.php(75): Illuminate\\Pipeline\\Pipeline->Illuminate\\Pipeline\\{closure}(Object(Illuminate\\Http\\Request))
#18 C:\\Users\\tiffa\\Dropbox\\htdocs\\FRAMEWORK_SERVEUR\\MONSTERS_APP_LARAVEL\\vendor\\laravel\\framework\\src\\Illuminate\\Pipeline\\Pipeline.php(183): Illuminate\\Cookie\\Middleware\\EncryptCookies->handle(Object(Illuminate\\Http\\Request), Object(Closure))
#19 C:\\Users\\tiffa\\Dropbox\\htdocs\\FRAMEWORK_SERVEUR\\MONSTERS_APP_LARAVEL\\vendor\\laravel\\framework\\src\\Illuminate\\Pipeline\\Pipeline.php(119): Illuminate\\Pipeline\\Pipeline->Illuminate\\Pipeline\\{closure}(Object(Illuminate\\Http\\Request))
#20 C:\\Users\\tiffa\\Dropbox\\htdocs\\FRAMEWORK_SERVEUR\\MONSTERS_APP_LARAVEL\\vendor\\laravel\\framework\\src\\Illuminate\\Routing\\Router.php(805): Illuminate\\Pipeline\\Pipeline->then(Object(Closure))
#21 C:\\Users\\tiffa\\Dropbox\\htdocs\\FRAMEWORK_SERVEUR\\MONSTERS_APP_LARAVEL\\vendor\\laravel\\framework\\src\\Illuminate\\Routing\\Router.php(784): Illuminate\\Routing\\Router->runRouteWithinStack(Object(Illuminate\\Routing\\Route), Object(Illuminate\\Http\\Request))
#22 C:\\Users\\tiffa\\Dropbox\\htdocs\\FRAMEWORK_SERVEUR\\MONSTERS_APP_LARAVEL\\vendor\\laravel\\framework\\src\\Illuminate\\Routing\\Router.php(748): Illuminate\\Routing\\Router->runRoute(Object(Illuminate\\Http\\Request), Object(Illuminate\\Routing\\Route))
#23 C:\\Users\\tiffa\\Dropbox\\htdocs\\FRAMEWORK_SERVEUR\\MONSTERS_APP_LARAVEL\\vendor\\laravel\\framework\\src\\Illuminate\\Routing\\Router.php(737): Illuminate\\Routing\\Router->dispatchToRoute(Object(Illuminate\\Http\\Request))
#24 C:\\Users\\tiffa\\Dropbox\\htdocs\\FRAMEWORK_SERVEUR\\MONSTERS_APP_LARAVEL\\vendor\\laravel\\framework\\src\\Illuminate\\Foundation\\Http\\Kernel.php(200): Illuminate\\Routing\\Router->dispatch(Object(Illuminate\\Http\\Request))
#25 C:\\Users\\tiffa\\Dropbox\\htdocs\\FRAMEWORK_SERVEUR\\MONSTERS_APP_LARAVEL\\vendor\\laravel\\framework\\src\\Illuminate\\Pipeline\\Pipeline.php(144): Illuminate\\Foundation\\Http\\Kernel->Illuminate\\Foundation\\Http\\{closure}(Object(Illuminate\\Http\\Request))
#26 C:\\Users\\tiffa\\Dropbox\\htdocs\\FRAMEWORK_SERVEUR\\MONSTERS_APP_LARAVEL\\vendor\\laravel\\framework\\src\\Illuminate\\Http\\Middleware\\TrustProxies.php(57): Illuminate\\Pipeline\\Pipeline->Illuminate\\Pipeline\\{closure}(Object(Illuminate\\Http\\Request))
#27 C:\\Users\\tiffa\\Dropbox\\htdocs\\FRAMEWORK_SERVEUR\\MONSTERS_APP_LARAVEL\\vendor\\laravel\\framework\\src\\Illuminate\\Pipeline\\Pipeline.php(183): Illuminate\\Http\\Middleware\\TrustProxies->handle(Object(Illuminate\\Http\\Request), Object(Closure))
#28 C:\\Users\\tiffa\\Dropbox\\htdocs\\FRAMEWORK_SERVEUR\\MONSTERS_APP_LARAVEL\\vendor\\laravel\\framework\\src\\Illuminate\\Foundation\\Http\\Middleware\\TransformsRequest.php(21): Illuminate\\Pipeline\\Pipeline->Illuminate\\Pipeline\\{closure}(Object(Illuminate\\Http\\Request))
#29 C:\\Users\\tiffa\\Dropbox\\htdocs\\FRAMEWORK_SERVEUR\\MONSTERS_APP_LARAVEL\\vendor\\laravel\\framework\\src\\Illuminate\\Foundation\\Http\\Middleware\\ConvertEmptyStringsToNull.php(31): Illuminate\\Foundation\\Http\\Middleware\\TransformsRequest->handle(Object(Illuminate\\Http\\Request), Object(Closure))
#30 C:\\Users\\tiffa\\Dropbox\\htdocs\\FRAMEWORK_SERVEUR\\MONSTERS_APP_LARAVEL\\vendor\\laravel\\framework\\src\\Illuminate\\Pipeline\\Pipeline.php(183): Illuminate\\Foundation\\Http\\Middleware\\ConvertEmptyStringsToNull->handle(Object(Illuminate\\Http\\Request), Object(Closure))
#31 C:\\Users\\tiffa\\Dropbox\\htdocs\\FRAMEWORK_SERVEUR\\MONSTERS_APP_LARAVEL\\vendor\\laravel\\framework\\src\\Illuminate\\Foundation\\Http\\Middleware\\TransformsRequest.php(21): Illuminate\\Pipeline\\Pipeline->Illuminate\\Pipeline\\{closure}(Object(Illuminate\\Http\\Request))
#32 C:\\Users\\tiffa\\Dropbox\\htdocs\\FRAMEWORK_SERVEUR\\MONSTERS_APP_LARAVEL\\vendor\\laravel\\framework\\src\\Illuminate\\Foundation\\Http\\Middleware\\TrimStrings.php(50): Illuminate\\Foundation\\Http\\Middleware\\TransformsRequest->handle(Object(Illuminate\\Http\\Request), Object(Closure))
#33 C:\\Users\\tiffa\\Dropbox\\htdocs\\FRAMEWORK_SERVEUR\\MONSTERS_APP_LARAVEL\\vendor\\laravel\\framework\\src\\Illuminate\\Pipeline\\Pipeline.php(183): Illuminate\\Foundation\\Http\\Middleware\\TrimStrings->handle(Object(Illuminate\\Http\\Request), Object(Closure))
#34 C:\\Users\\tiffa\\Dropbox\\htdocs\\FRAMEWORK_SERVEUR\\MONSTERS_APP_LARAVEL\\vendor\\laravel\\framework\\src\\Illuminate\\Http\\Middleware\\ValidatePostSize.php(27): Illuminate\\Pipeline\\Pipeline->Illuminate\\Pipeline\\{closure}(Object(Illuminate\\Http\\Request))
#35 C:\\Users\\tiffa\\Dropbox\\htdocs\\FRAMEWORK_SERVEUR\\MONSTERS_APP_LARAVEL\\vendor\\laravel\\framework\\src\\Illuminate\\Pipeline\\Pipeline.php(183): Illuminate\\Http\\Middleware\\ValidatePostSize->handle(Object(Illuminate\\Http\\Request), Object(Closure))
#36 C:\\Users\\tiffa\\Dropbox\\htdocs\\FRAMEWORK_SERVEUR\\MONSTERS_APP_LARAVEL\\vendor\\laravel\\framework\\src\\Illuminate\\Foundation\\Http\\Middleware\\PreventRequestsDuringMaintenance.php(103): Illuminate\\Pipeline\\Pipeline->Illuminate\\Pipeline\\{closure}(Object(Illuminate\\Http\\Request))
#37 C:\\Users\\tiffa\\Dropbox\\htdocs\\FRAMEWORK_SERVEUR\\MONSTERS_APP_LARAVEL\\vendor\\laravel\\framework\\src\\Illuminate\\Pipeline\\Pipeline.php(183): Illuminate\\Foundation\\Http\\Middleware\\PreventRequestsDuringMaintenance->handle(Object(Illuminate\\Http\\Request), Object(Closure))
#38 C:\\Users\\tiffa\\Dropbox\\htdocs\\FRAMEWORK_SERVEUR\\MONSTERS_APP_LARAVEL\\vendor\\laravel\\framework\\src\\Illuminate\\Pipeline\\Pipeline.php(119): Illuminate\\Pipeline\\Pipeline->Illuminate\\Pipeline\\{closure}(Object(Illuminate\\Http\\Request))
#39 C:\\Users\\tiffa\\Dropbox\\htdocs\\FRAMEWORK_SERVEUR\\MONSTERS_APP_LARAVEL\\vendor\\laravel\\framework\\src\\Illuminate\\Foundation\\Http\\Kernel.php(175): Illuminate\\Pipeline\\Pipeline->then(Object(Closure))
#40 C:\\Users\\tiffa\\Dropbox\\htdocs\\FRAMEWORK_SERVEUR\\MONSTERS_APP_LARAVEL\\vendor\\laravel\\framework\\src\\Illuminate\\Foundation\\Http\\Kernel.php(144): Illuminate\\Foundation\\Http\\Kernel->sendRequestThroughRouter(Object(Illuminate\\Http\\Request))
#41 C:\\Users\\tiffa\\Dropbox\\htdocs\\FRAMEWORK_SERVEUR\\MONSTERS_APP_LARAVEL\\public\\index.php(54): Illuminate\\Foundation\\Http\\Kernel->handle(Object(Illuminate\\Http\\Request))
#42 {main}
"} 
[2025-01-20 13:10:51] local.ERROR: App\Http\Controllers\MonstersController::show(): Argument #1 ($id) must be of type int, string given, called in C:\Users\tiffa\Dropbox\htdocs\FRAMEWORK_SERVEUR\MONSTERS_APP_LARAVEL\vendor\laravel\framework\src\Illuminate\Routing\Controller.php on line 54 {"exception":"[object] (TypeError(code: 0): App\\Http\\Controllers\\MonstersController::show(): Argument #1 ($id) must be of type int, string given, called in C:\\Users\\tiffa\\Dropbox\\htdocs\\FRAMEWORK_SERVEUR\\MONSTERS_APP_LARAVEL\\vendor\\laravel\\framework\\src\\Illuminate\\Routing\\Controller.php on line 54 at C:\\Users\\tiffa\\Dropbox\\htdocs\\FRAMEWORK_SERVEUR\\MONSTERS_APP_LARAVEL\\app\\Http\\Controllers\\MonstersController.php:22)
[stacktrace]
#0 C:\\Users\\tiffa\\Dropbox\\htdocs\\FRAMEWORK_SERVEUR\\MONSTERS_APP_LARAVEL\\vendor\\laravel\\framework\\src\\Illuminate\\Routing\\Controller.php(54): App\\Http\\Controllers\\MonstersController->show('images', 'favico.png')
#1 C:\\Users\\tiffa\\Dropbox\\htdocs\\FRAMEWORK_SERVEUR\\MONSTERS_APP_LARAVEL\\vendor\\laravel\\framework\\src\\Illuminate\\Routing\\ControllerDispatcher.php(43): Illuminate\\Routing\\Controller->callAction('show', Array)
#2 C:\\Users\\tiffa\\Dropbox\\htdocs\\FRAMEWORK_SERVEUR\\MONSTERS_APP_LARAVEL\\vendor\\laravel\\framework\\src\\Illuminate\\Routing\\Route.php(260): Illuminate\\Routing\\ControllerDispatcher->dispatch(Object(Illuminate\\Routing\\Route), Object(App\\Http\\Controllers\\MonstersController), 'show')
#3 C:\\Users\\tiffa\\Dropbox\\htdocs\\FRAMEWORK_SERVEUR\\MONSTERS_APP_LARAVEL\\vendor\\laravel\\framework\\src\\Illuminate\\Routing\\Route.php(206): Illuminate\\Routing\\Route->runController()
#4 C:\\Users\\tiffa\\Dropbox\\htdocs\\FRAMEWORK_SERVEUR\\MONSTERS_APP_LARAVEL\\vendor\\laravel\\framework\\src\\Illuminate\\Routing\\Router.php(806): Illuminate\\Routing\\Route->run()
#5 C:\\Users\\tiffa\\Dropbox\\htdocs\\FRAMEWORK_SERVEUR\\MONSTERS_APP_LARAVEL\\vendor\\laravel\\framework\\src\\Illuminate\\Pipeline\\Pipeline.php(144): Illuminate\\Routing\\Router->Illuminate\\Routing\\{closure}(Object(Illuminate\\Http\\Request))
#6 C:\\Users\\tiffa\\Dropbox\\htdocs\\FRAMEWORK_SERVEUR\\MONSTERS_APP_LARAVEL\\vendor\\laravel\\framework\\src\\Illuminate\\Routing\\Middleware\\SubstituteBindings.php(50): Illuminate\\Pipeline\\Pipeline->Illuminate\\Pipeline\\{closure}(Object(Illuminate\\Http\\Request))
#7 C:\\Users\\tiffa\\Dropbox\\htdocs\\FRAMEWORK_SERVEUR\\MONSTERS_APP_LARAVEL\\vendor\\laravel\\framework\\src\\Illuminate\\Pipeline\\Pipeline.php(183): Illuminate\\Routing\\Middleware\\SubstituteBindings->handle(Object(Illuminate\\Http\\Request), Object(Closure))
#8 C:\\Users\\tiffa\\Dropbox\\htdocs\\FRAMEWORK_SERVEUR\\MONSTERS_APP_LARAVEL\\vendor\\laravel\\framework\\src\\Illuminate\\Foundation\\Http\\Middleware\\VerifyCsrfToken.php(81): Illuminate\\Pipeline\\Pipeline->Illuminate\\Pipeline\\{closure}(Object(Illuminate\\Http\\Request))
#9 C:\\Users\\tiffa\\Dropbox\\htdocs\\FRAMEWORK_SERVEUR\\MONSTERS_APP_LARAVEL\\vendor\\laravel\\framework\\src\\Illuminate\\Pipeline\\Pipeline.php(183): Illuminate\\Foundation\\Http\\Middleware\\VerifyCsrfToken->handle(Object(Illuminate\\Http\\Request), Object(Closure))
#10 C:\\Users\\tiffa\\Dropbox\\htdocs\\FRAMEWORK_SERVEUR\\MONSTERS_APP_LARAVEL\\vendor\\laravel\\framework\\src\\Illuminate\\View\\Middleware\\ShareErrorsFromSession.php(49): Illuminate\\Pipeline\\Pipeline->Illuminate\\Pipeline\\{closure}(Object(Illuminate\\Http\\Request))
#11 C:\\Users\\tiffa\\Dropbox\\htdocs\\FRAMEWORK_SERVEUR\\MONSTERS_APP_LARAVEL\\vendor\\laravel\\framework\\src\\Illuminate\\Pipeline\\Pipeline.php(183): Illuminate\\View\\Middleware\\ShareErrorsFromSession->handle(Object(Illuminate\\Http\\Request), Object(Closure))
#12 C:\\Users\\tiffa\\Dropbox\\htdocs\\FRAMEWORK_SERVEUR\\MONSTERS_APP_LARAVEL\\vendor\\laravel\\framework\\src\\Illuminate\\Session\\Middleware\\StartSession.php(121): Illuminate\\Pipeline\\Pipeline->Illuminate\\Pipeline\\{closure}(Object(Illuminate\\Http\\Request))
#13 C:\\Users\\tiffa\\Dropbox\\htdocs\\FRAMEWORK_SERVEUR\\MONSTERS_APP_LARAVEL\\vendor\\laravel\\framework\\src\\Illuminate\\Session\\Middleware\\StartSession.php(64): Illuminate\\Session\\Middleware\\StartSession->handleStatefulRequest(Object(Illuminate\\Http\\Request), Object(Illuminate\\Session\\Store), Object(Closure))
#14 C:\\Users\\tiffa\\Dropbox\\htdocs\\FRAMEWORK_SERVEUR\\MONSTERS_APP_LARAVEL\\vendor\\laravel\\framework\\src\\Illuminate\\Pipeline\\Pipeline.php(183): Illuminate\\Session\\Middleware\\StartSession->handle(Object(Illuminate\\Http\\Request), Object(Closure))
#15 C:\\Users\\tiffa\\Dropbox\\htdocs\\FRAMEWORK_SERVEUR\\MONSTERS_APP_LARAVEL\\vendor\\laravel\\framework\\src\\Illuminate\\Cookie\\Middleware\\AddQueuedCookiesToResponse.php(37): Illuminate\\Pipeline\\Pipeline->Illuminate\\Pipeline\\{closure}(Object(Illuminate\\Http\\Request))
#16 C:\\Users\\tiffa\\Dropbox\\htdocs\\FRAMEWORK_SERVEUR\\MONSTERS_APP_LARAVEL\\vendor\\laravel\\framework\\src\\Illuminate\\Pipeline\\Pipeline.php(183): Illuminate\\Cookie\\Middleware\\AddQueuedCookiesToResponse->handle(Object(Illuminate\\Http\\Request), Object(Closure))
#17 C:\\Users\\tiffa\\Dropbox\\htdocs\\FRAMEWORK_SERVEUR\\MONSTERS_APP_LARAVEL\\vendor\\laravel\\framework\\src\\Illuminate\\Cookie\\Middleware\\EncryptCookies.php(75): Illuminate\\Pipeline\\Pipeline->Illuminate\\Pipeline\\{closure}(Object(Illuminate\\Http\\Request))
#18 C:\\Users\\tiffa\\Dropbox\\htdocs\\FRAMEWORK_SERVEUR\\MONSTERS_APP_LARAVEL\\vendor\\laravel\\framework\\src\\Illuminate\\Pipeline\\Pipeline.php(183): Illuminate\\Cookie\\Middleware\\EncryptCookies->handle(Object(Illuminate\\Http\\Request), Object(Closure))
#19 C:\\Users\\tiffa\\Dropbox\\htdocs\\FRAMEWORK_SERVEUR\\MONSTERS_APP_LARAVEL\\vendor\\laravel\\framework\\src\\Illuminate\\Pipeline\\Pipeline.php(119): Illuminate\\Pipeline\\Pipeline->Illuminate\\Pipeline\\{closure}(Object(Illuminate\\Http\\Request))
#20 C:\\Users\\tiffa\\Dropbox\\htdocs\\FRAMEWORK_SERVEUR\\MONSTERS_APP_LARAVEL\\vendor\\laravel\\framework\\src\\Illuminate\\Routing\\Router.php(805): Illuminate\\Pipeline\\Pipeline->then(Object(Closure))
#21 C:\\Users\\tiffa\\Dropbox\\htdocs\\FRAMEWORK_SERVEUR\\MONSTERS_APP_LARAVEL\\vendor\\laravel\\framework\\src\\Illuminate\\Routing\\Router.php(784): Illuminate\\Routing\\Router->runRouteWithinStack(Object(Illuminate\\Routing\\Route), Object(Illuminate\\Http\\Request))
#22 C:\\Users\\tiffa\\Dropbox\\htdocs\\FRAMEWORK_SERVEUR\\MONSTERS_APP_LARAVEL\\vendor\\laravel\\framework\\src\\Illuminate\\Routing\\Router.php(748): Illuminate\\Routing\\Router->runRoute(Object(Illuminate\\Http\\Request), Object(Illuminate\\Routing\\Route))
#23 C:\\Users\\tiffa\\Dropbox\\htdocs\\FRAMEWORK_SERVEUR\\MONSTERS_APP_LARAVEL\\vendor\\laravel\\framework\\src\\Illuminate\\Routing\\Router.php(737): Illuminate\\Routing\\Router->dispatchToRoute(Object(Illuminate\\Http\\Request))
#24 C:\\Users\\tiffa\\Dropbox\\htdocs\\FRAMEWORK_SERVEUR\\MONSTERS_APP_LARAVEL\\vendor\\laravel\\framework\\src\\Illuminate\\Foundation\\Http\\Kernel.php(200): Illuminate\\Routing\\Router->dispatch(Object(Illuminate\\Http\\Request))
#25 C:\\Users\\tiffa\\Dropbox\\htdocs\\FRAMEWORK_SERVEUR\\MONSTERS_APP_LARAVEL\\vendor\\laravel\\framework\\src\\Illuminate\\Pipeline\\Pipeline.php(144): Illuminate\\Foundation\\Http\\Kernel->Illuminate\\Foundation\\Http\\{closure}(Object(Illuminate\\Http\\Request))
#26 C:\\Users\\tiffa\\Dropbox\\htdocs\\FRAMEWORK_SERVEUR\\MONSTERS_APP_LARAVEL\\vendor\\laravel\\framework\\src\\Illuminate\\Http\\Middleware\\TrustProxies.php(57): Illuminate\\Pipeline\\Pipeline->Illuminate\\Pipeline\\{closure}(Object(Illuminate\\Http\\Request))
#27 C:\\Users\\tiffa\\Dropbox\\htdocs\\FRAMEWORK_SERVEUR\\MONSTERS_APP_LARAVEL\\vendor\\laravel\\framework\\src\\Illuminate\\Pipeline\\Pipeline.php(183): Illuminate\\Http\\Middleware\\TrustProxies->handle(Object(Illuminate\\Http\\Request), Object(Closure))
#28 C:\\Users\\tiffa\\Dropbox\\htdocs\\FRAMEWORK_SERVEUR\\MONSTERS_APP_LARAVEL\\vendor\\laravel\\framework\\src\\Illuminate\\Foundation\\Http\\Middleware\\TransformsRequest.php(21): Illuminate\\Pipeline\\Pipeline->Illuminate\\Pipeline\\{closure}(Object(Illuminate\\Http\\Request))
#29 C:\\Users\\tiffa\\Dropbox\\htdocs\\FRAMEWORK_SERVEUR\\MONSTERS_APP_LARAVEL\\vendor\\laravel\\framework\\src\\Illuminate\\Foundation\\Http\\Middleware\\ConvertEmptyStringsToNull.php(31): Illuminate\\Foundation\\Http\\Middleware\\TransformsRequest->handle(Object(Illuminate\\Http\\Request), Object(Closure))
#30 C:\\Users\\tiffa\\Dropbox\\htdocs\\FRAMEWORK_SERVEUR\\MONSTERS_APP_LARAVEL\\vendor\\laravel\\framework\\src\\Illuminate\\Pipeline\\Pipeline.php(183): Illuminate\\Foundation\\Http\\Middleware\\ConvertEmptyStringsToNull->handle(Object(Illuminate\\Http\\Request), Object(Closure))
#31 C:\\Users\\tiffa\\Dropbox\\htdocs\\FRAMEWORK_SERVEUR\\MONSTERS_APP_LARAVEL\\vendor\\laravel\\framework\\src\\Illuminate\\Foundation\\Http\\Middleware\\TransformsRequest.php(21): Illuminate\\Pipeline\\Pipeline->Illuminate\\Pipeline\\{closure}(Object(Illuminate\\Http\\Request))
#32 C:\\Users\\tiffa\\Dropbox\\htdocs\\FRAMEWORK_SERVEUR\\MONSTERS_APP_LARAVEL\\vendor\\laravel\\framework\\src\\Illuminate\\Foundation\\Http\\Middleware\\TrimStrings.php(50): Illuminate\\Foundation\\Http\\Middleware\\TransformsRequest->handle(Object(Illuminate\\Http\\Request), Object(Closure))
#33 C:\\Users\\tiffa\\Dropbox\\htdocs\\FRAMEWORK_SERVEUR\\MONSTERS_APP_LARAVEL\\vendor\\laravel\\framework\\src\\Illuminate\\Pipeline\\Pipeline.php(183): Illuminate\\Foundation\\Http\\Middleware\\TrimStrings->handle(Object(Illuminate\\Http\\Request), Object(Closure))
#34 C:\\Users\\tiffa\\Dropbox\\htdocs\\FRAMEWORK_SERVEUR\\MONSTERS_APP_LARAVEL\\vendor\\laravel\\framework\\src\\Illuminate\\Http\\Middleware\\ValidatePostSize.php(27): Illuminate\\Pipeline\\Pipeline->Illuminate\\Pipeline\\{closure}(Object(Illuminate\\Http\\Request))
#35 C:\\Users\\tiffa\\Dropbox\\htdocs\\FRAMEWORK_SERVEUR\\MONSTERS_APP_LARAVEL\\vendor\\laravel\\framework\\src\\Illuminate\\Pipeline\\Pipeline.php(183): Illuminate\\Http\\Middleware\\ValidatePostSize->handle(Object(Illuminate\\Http\\Request), Object(Closure))
#36 C:\\Users\\tiffa\\Dropbox\\htdocs\\FRAMEWORK_SERVEUR\\MONSTERS_APP_LARAVEL\\vendor\\laravel\\framework\\src\\Illuminate\\Foundation\\Http\\Middleware\\PreventRequestsDuringMaintenance.php(103): Illuminate\\Pipeline\\Pipeline->Illuminate\\Pipeline\\{closure}(Object(Illuminate\\Http\\Request))
#37 C:\\Users\\tiffa\\Dropbox\\htdocs\\FRAMEWORK_SERVEUR\\MONSTERS_APP_LARAVEL\\vendor\\laravel\\framework\\src\\Illuminate\\Pipeline\\Pipeline.php(183): Illuminate\\Foundation\\Http\\Middleware\\PreventRequestsDuringMaintenance->handle(Object(Illuminate\\Http\\Request), Object(Closure))
#38 C:\\Users\\tiffa\\Dropbox\\htdocs\\FRAMEWORK_SERVEUR\\MONSTERS_APP_LARAVEL\\vendor\\laravel\\framework\\src\\Illuminate\\Pipeline\\Pipeline.php(119): Illuminate\\Pipeline\\Pipeline->Illuminate\\Pipeline\\{closure}(Object(Illuminate\\Http\\Request))
#39 C:\\Users\\tiffa\\Dropbox\\htdocs\\FRAMEWORK_SERVEUR\\MONSTERS_APP_LARAVEL\\vendor\\laravel\\framework\\src\\Illuminate\\Foundation\\Http\\Kernel.php(175): Illuminate\\Pipeline\\Pipeline->then(Object(Closure))
#40 C:\\Users\\tiffa\\Dropbox\\htdocs\\FRAMEWORK_SERVEUR\\MONSTERS_APP_LARAVEL\\vendor\\laravel\\framework\\src\\Illuminate\\Foundation\\Http\\Kernel.php(144): Illuminate\\Foundation\\Http\\Kernel->sendRequestThroughRouter(Object(Illuminate\\Http\\Request))
#41 C:\\Users\\tiffa\\Dropbox\\htdocs\\FRAMEWORK_SERVEUR\\MONSTERS_APP_LARAVEL\\public\\index.php(54): Illuminate\\Foundation\\Http\\Kernel->handle(Object(Illuminate\\Http\\Request))
#42 {main}
"} 
