[2025-01-16 09:10:27] local.ERROR: SQLSTATE[42S01]: Base table or view already exists: 1050 Table 'monster_types' already exists (Connection: mysql, SQL: create table `monster_types` (`id` int not null, `name` varchar(255) not null, `created_at` timestamp not null default CURRENT_TIMESTAMP on update CURRENT_TIMESTAMP, primary key (`id`)) default character set utf8mb4 collate 'utf8mb4_unicode_ci') {"exception":"[object] (Illuminate\\Database\\QueryException(code: 42S01): SQLSTATE[42S01]: Base table or view already exists: 1050 Table 'monster_types' already exists (Connection: mysql, SQL: create table `monster_types` (`id` int not null, `name` varchar(255) not null, `created_at` timestamp not null default CURRENT_TIMESTAMP on update CURRENT_TIMESTAMP, primary key (`id`)) default character set utf8mb4 collate 'utf8mb4_unicode_ci') at C:\\Users\\tiffa\\Dropbox\\htdocs\\FRAMEWORK_SERVEUR\\MONSTERS_APP_LARAVEL\\vendor\\laravel\\framework\\src\\Illuminate\\Database\\Connection.php:813)
[stacktrace]
#0 C:\\Users\\tiffa\\Dropbox\\htdocs\\FRAMEWORK_SERVEUR\\MONSTERS_APP_LARAVEL\\vendor\\laravel\\framework\\src\\Illuminate\\Database\\Connection.php(767): Illuminate\\Database\\Connection->runQueryCallback()
#1 C:\\Users\\tiffa\\Dropbox\\htdocs\\FRAMEWORK_SERVEUR\\MONSTERS_APP_LARAVEL\\vendor\\laravel\\framework\\src\\Illuminate\\Database\\Connection.php(560): Illuminate\\Database\\Connection->run()
#2 C:\\Users\\tiffa\\Dropbox\\htdocs\\FRAMEWORK_SERVEUR\\MONSTERS_APP_LARAVEL\\vendor\\laravel\\framework\\src\\Illuminate\\Database\\Schema\\Blueprint.php(109): Illuminate\\Database\\Connection->statement()
#3 C:\\Users\\tiffa\\Dropbox\\htdocs\\FRAMEWORK_SERVEUR\\MONSTERS_APP_LARAVEL\\vendor\\laravel\\framework\\src\\Illuminate\\Database\\Schema\\Builder.php(564): Illuminate\\Database\\Schema\\Blueprint->build()
#4 C:\\Users\\tiffa\\Dropbox\\htdocs\\FRAMEWORK_SERVEUR\\MONSTERS_APP_LARAVEL\\vendor\\laravel\\framework\\src\\Illuminate\\Database\\Schema\\Builder.php(418): Illuminate\\Database\\Schema\\Builder->build()
#5 C:\\Users\\tiffa\\Dropbox\\htdocs\\FRAMEWORK_SERVEUR\\MONSTERS_APP_LARAVEL\\vendor\\laravel\\framework\\src\\Illuminate\\Support\\Facades\\Facade.php(357): Illuminate\\Database\\Schema\\Builder->create()
#6 C:\\Users\\tiffa\\Dropbox\\htdocs\\FRAMEWORK_SERVEUR\\MONSTERS_APP_LARAVEL\\database\\migrations\\2025_01_15_144833_create_monster_types_table.php(16): Illuminate\\Support\\Facades\\Facade::__callStatic()
#7 C:\\Users\\tiffa\\Dropbox\\htdocs\\FRAMEWORK_SERVEUR\\MONSTERS_APP_LARAVEL\\vendor\\laravel\\framework\\src\\Illuminate\\Database\\Migrations\\Migrator.php(482): CreateMonsterTypesTable->up()
#8 C:\\Users\\tiffa\\Dropbox\\htdocs\\FRAMEWORK_SERVEUR\\MONSTERS_APP_LARAVEL\\vendor\\laravel\\framework\\src\\Illuminate\\Database\\Migrations\\Migrator.php(408): Illuminate\\Database\\Migrations\\Migrator->runMethod()
#9 C:\\Users\\tiffa\\Dropbox\\htdocs\\FRAMEWORK_SERVEUR\\MONSTERS_APP_LARAVEL\\vendor\\laravel\\framework\\src\\Illuminate\\Database\\Migrations\\Migrator.php(417): Illuminate\\Database\\Migrations\\Migrator->Illuminate\\Database\\Migrations\\{closure}()
#10 C:\\Users\\tiffa\\Dropbox\\htdocs\\FRAMEWORK_SERVEUR\\MONSTERS_APP_LARAVEL\\vendor\\laravel\\framework\\src\\Illuminate\\Database\\Migrations\\Migrator.php(214): Illuminate\\Database\\Migrations\\Migrator->runMigration()
#11 C:\\Users\\tiffa\\Dropbox\\htdocs\\FRAMEWORK_SERVEUR\\MONSTERS_APP_LARAVEL\\vendor\\laravel\\framework\\src\\Illuminate\\Console\\View\\Components\\Task.php(40): Illuminate\\Database\\Migrations\\Migrator->Illuminate\\Database\\Migrations\\{closure}()
#12 C:\\Users\\tiffa\\Dropbox\\htdocs\\FRAMEWORK_SERVEUR\\MONSTERS_APP_LARAVEL\\vendor\\laravel\\framework\\src\\Illuminate\\Database\\Migrations\\Migrator.php(745): Illuminate\\Console\\View\\Components\\Task->render()
#13 C:\\Users\\tiffa\\Dropbox\\htdocs\\FRAMEWORK_SERVEUR\\MONSTERS_APP_LARAVEL\\vendor\\laravel\\framework\\src\\Illuminate\\Database\\Migrations\\Migrator.php(214): Illuminate\\Database\\Migrations\\Migrator->write()
#14 C:\\Users\\tiffa\\Dropbox\\htdocs\\FRAMEWORK_SERVEUR\\MONSTERS_APP_LARAVEL\\vendor\\laravel\\framework\\src\\Illuminate\\Database\\Migrations\\Migrator.php(179): Illuminate\\Database\\Migrations\\Migrator->runUp()
#15 C:\\Users\\tiffa\\Dropbox\\htdocs\\FRAMEWORK_SERVEUR\\MONSTERS_APP_LARAVEL\\vendor\\laravel\\framework\\src\\Illuminate\\Database\\Migrations\\Migrator.php(122): Illuminate\\Database\\Migrations\\Migrator->runPending()
#16 C:\\Users\\tiffa\\Dropbox\\htdocs\\FRAMEWORK_SERVEUR\\MONSTERS_APP_LARAVEL\\vendor\\laravel\\framework\\src\\Illuminate\\Database\\Console\\Migrations\\MigrateCommand.php(113): Illuminate\\Database\\Migrations\\Migrator->run()
#17 C:\\Users\\tiffa\\Dropbox\\htdocs\\FRAMEWORK_SERVEUR\\MONSTERS_APP_LARAVEL\\vendor\\laravel\\framework\\src\\Illuminate\\Database\\Migrations\\Migrator.php(622): Illuminate\\Database\\Console\\Migrations\\MigrateCommand->Illuminate\\Database\\Console\\Migrations\\{closure}()
#18 C:\\Users\\tiffa\\Dropbox\\htdocs\\FRAMEWORK_SERVEUR\\MONSTERS_APP_LARAVEL\\vendor\\laravel\\framework\\src\\Illuminate\\Database\\Console\\Migrations\\MigrateCommand.php(106): Illuminate\\Database\\Migrations\\Migrator->usingConnection()
#19 C:\\Users\\tiffa\\Dropbox\\htdocs\\FRAMEWORK_SERVEUR\\MONSTERS_APP_LARAVEL\\vendor\\laravel\\framework\\src\\Illuminate\\Database\\Console\\Migrations\\MigrateCommand.php(85): Illuminate\\Database\\Console\\Migrations\\MigrateCommand->runMigrations()
#20 C:\\Users\\tiffa\\Dropbox\\htdocs\\FRAMEWORK_SERVEUR\\MONSTERS_APP_LARAVEL\\vendor\\laravel\\framework\\src\\Illuminate\\Container\\BoundMethod.php(36): Illuminate\\Database\\Console\\Migrations\\MigrateCommand->handle()
#21 C:\\Users\\tiffa\\Dropbox\\htdocs\\FRAMEWORK_SERVEUR\\MONSTERS_APP_LARAVEL\\vendor\\laravel\\framework\\src\\Illuminate\\Container\\Util.php(41): Illuminate\\Container\\BoundMethod::Illuminate\\Container\\{closure}()
#22 C:\\Users\\tiffa\\Dropbox\\htdocs\\FRAMEWORK_SERVEUR\\MONSTERS_APP_LARAVEL\\vendor\\laravel\\framework\\src\\Illuminate\\Container\\BoundMethod.php(93): Illuminate\\Container\\Util::unwrapIfClosure()
#23 C:\\Users\\tiffa\\Dropbox\\htdocs\\FRAMEWORK_SERVEUR\\MONSTERS_APP_LARAVEL\\vendor\\laravel\\framework\\src\\Illuminate\\Container\\BoundMethod.php(35): Illuminate\\Container\\BoundMethod::callBoundMethod()
#24 C:\\Users\\tiffa\\Dropbox\\htdocs\\FRAMEWORK_SERVEUR\\MONSTERS_APP_LARAVEL\\vendor\\laravel\\framework\\src\\Illuminate\\Container\\Container.php(662): Illuminate\\Container\\BoundMethod::call()
#25 C:\\Users\\tiffa\\Dropbox\\htdocs\\FRAMEWORK_SERVEUR\\MONSTERS_APP_LARAVEL\\vendor\\laravel\\framework\\src\\Illuminate\\Console\\Command.php(212): Illuminate\\Container\\Container->call()
#26 C:\\Users\\tiffa\\Dropbox\\htdocs\\FRAMEWORK_SERVEUR\\MONSTERS_APP_LARAVEL\\vendor\\symfony\\console\\Command\\Command.php(279): Illuminate\\Console\\Command->execute()
#27 C:\\Users\\tiffa\\Dropbox\\htdocs\\FRAMEWORK_SERVEUR\\MONSTERS_APP_LARAVEL\\vendor\\laravel\\framework\\src\\Illuminate\\Console\\Command.php(181): Symfony\\Component\\Console\\Command\\Command->run()
#28 C:\\Users\\tiffa\\Dropbox\\htdocs\\FRAMEWORK_SERVEUR\\MONSTERS_APP_LARAVEL\\vendor\\symfony\\console\\Application.php(1049): Illuminate\\Console\\Command->run()
#29 C:\\Users\\tiffa\\Dropbox\\htdocs\\FRAMEWORK_SERVEUR\\MONSTERS_APP_LARAVEL\\vendor\\symfony\\console\\Application.php(318): Symfony\\Component\\Console\\Application->doRunCommand()
#30 C:\\Users\\tiffa\\Dropbox\\htdocs\\FRAMEWORK_SERVEUR\\MONSTERS_APP_LARAVEL\\vendor\\symfony\\console\\Application.php(169): Symfony\\Component\\Console\\Application->doRun()
#31 C:\\Users\\tiffa\\Dropbox\\htdocs\\FRAMEWORK_SERVEUR\\MONSTERS_APP_LARAVEL\\vendor\\laravel\\framework\\src\\Illuminate\\Foundation\\Console\\Kernel.php(196): Symfony\\Component\\Console\\Application->run()
#32 C:\\Users\\tiffa\\Dropbox\\htdocs\\FRAMEWORK_SERVEUR\\MONSTERS_APP_LARAVEL\\artisan(35): Illuminate\\Foundation\\Console\\Kernel->handle()
#33 {main}

[previous exception] [object] (PDOException(code: 42S01): SQLSTATE[42S01]: Base table or view already exists: 1050 Table 'monster_types' already exists at C:\\Users\\tiffa\\Dropbox\\htdocs\\FRAMEWORK_SERVEUR\\MONSTERS_APP_LARAVEL\\vendor\\laravel\\framework\\src\\Illuminate\\Database\\Connection.php:571)
[stacktrace]
#0 C:\\Users\\tiffa\\Dropbox\\htdocs\\FRAMEWORK_SERVEUR\\MONSTERS_APP_LARAVEL\\vendor\\laravel\\framework\\src\\Illuminate\\Database\\Connection.php(571): PDOStatement->execute()
#1 C:\\Users\\tiffa\\Dropbox\\htdocs\\FRAMEWORK_SERVEUR\\MONSTERS_APP_LARAVEL\\vendor\\laravel\\framework\\src\\Illuminate\\Database\\Connection.php(800): Illuminate\\Database\\Connection->Illuminate\\Database\\{closure}()
#2 C:\\Users\\tiffa\\Dropbox\\htdocs\\FRAMEWORK_SERVEUR\\MONSTERS_APP_LARAVEL\\vendor\\laravel\\framework\\src\\Illuminate\\Database\\Connection.php(767): Illuminate\\Database\\Connection->runQueryCallback()
#3 C:\\Users\\tiffa\\Dropbox\\htdocs\\FRAMEWORK_SERVEUR\\MONSTERS_APP_LARAVEL\\vendor\\laravel\\framework\\src\\Illuminate\\Database\\Connection.php(560): Illuminate\\Database\\Connection->run()
#4 C:\\Users\\tiffa\\Dropbox\\htdocs\\FRAMEWORK_SERVEUR\\MONSTERS_APP_LARAVEL\\vendor\\laravel\\framework\\src\\Illuminate\\Database\\Schema\\Blueprint.php(109): Illuminate\\Database\\Connection->statement()
#5 C:\\Users\\tiffa\\Dropbox\\htdocs\\FRAMEWORK_SERVEUR\\MONSTERS_APP_LARAVEL\\vendor\\laravel\\framework\\src\\Illuminate\\Database\\Schema\\Builder.php(564): Illuminate\\Database\\Schema\\Blueprint->build()
#6 C:\\Users\\tiffa\\Dropbox\\htdocs\\FRAMEWORK_SERVEUR\\MONSTERS_APP_LARAVEL\\vendor\\laravel\\framework\\src\\Illuminate\\Database\\Schema\\Builder.php(418): Illuminate\\Database\\Schema\\Builder->build()
#7 C:\\Users\\tiffa\\Dropbox\\htdocs\\FRAMEWORK_SERVEUR\\MONSTERS_APP_LARAVEL\\vendor\\laravel\\framework\\src\\Illuminate\\Support\\Facades\\Facade.php(357): Illuminate\\Database\\Schema\\Builder->create()
#8 C:\\Users\\tiffa\\Dropbox\\htdocs\\FRAMEWORK_SERVEUR\\MONSTERS_APP_LARAVEL\\database\\migrations\\2025_01_15_144833_create_monster_types_table.php(16): Illuminate\\Support\\Facades\\Facade::__callStatic()
#9 C:\\Users\\tiffa\\Dropbox\\htdocs\\FRAMEWORK_SERVEUR\\MONSTERS_APP_LARAVEL\\vendor\\laravel\\framework\\src\\Illuminate\\Database\\Migrations\\Migrator.php(482): CreateMonsterTypesTable->up()
#10 C:\\Users\\tiffa\\Dropbox\\htdocs\\FRAMEWORK_SERVEUR\\MONSTERS_APP_LARAVEL\\vendor\\laravel\\framework\\src\\Illuminate\\Database\\Migrations\\Migrator.php(408): Illuminate\\Database\\Migrations\\Migrator->runMethod()
#11 C:\\Users\\tiffa\\Dropbox\\htdocs\\FRAMEWORK_SERVEUR\\MONSTERS_APP_LARAVEL\\vendor\\laravel\\framework\\src\\Illuminate\\Database\\Migrations\\Migrator.php(417): Illuminate\\Database\\Migrations\\Migrator->Illuminate\\Database\\Migrations\\{closure}()
#12 C:\\Users\\tiffa\\Dropbox\\htdocs\\FRAMEWORK_SERVEUR\\MONSTERS_APP_LARAVEL\\vendor\\laravel\\framework\\src\\Illuminate\\Database\\Migrations\\Migrator.php(214): Illuminate\\Database\\Migrations\\Migrator->runMigration()
#13 C:\\Users\\tiffa\\Dropbox\\htdocs\\FRAMEWORK_SERVEUR\\MONSTERS_APP_LARAVEL\\vendor\\laravel\\framework\\src\\Illuminate\\Console\\View\\Components\\Task.php(40): Illuminate\\Database\\Migrations\\Migrator->Illuminate\\Database\\Migrations\\{closure}()
#14 C:\\Users\\tiffa\\Dropbox\\htdocs\\FRAMEWORK_SERVEUR\\MONSTERS_APP_LARAVEL\\vendor\\laravel\\framework\\src\\Illuminate\\Database\\Migrations\\Migrator.php(745): Illuminate\\Console\\View\\Components\\Task->render()
#15 C:\\Users\\tiffa\\Dropbox\\htdocs\\FRAMEWORK_SERVEUR\\MONSTERS_APP_LARAVEL\\vendor\\laravel\\framework\\src\\Illuminate\\Database\\Migrations\\Migrator.php(214): Illuminate\\Database\\Migrations\\Migrator->write()
#16 C:\\Users\\tiffa\\Dropbox\\htdocs\\FRAMEWORK_SERVEUR\\MONSTERS_APP_LARAVEL\\vendor\\laravel\\framework\\src\\Illuminate\\Database\\Migrations\\Migrator.php(179): Illuminate\\Database\\Migrations\\Migrator->runUp()
#17 C:\\Users\\tiffa\\Dropbox\\htdocs\\FRAMEWORK_SERVEUR\\MONSTERS_APP_LARAVEL\\vendor\\laravel\\framework\\src\\Illuminate\\Database\\Migrations\\Migrator.php(122): Illuminate\\Database\\Migrations\\Migrator->runPending()
#18 C:\\Users\\tiffa\\Dropbox\\htdocs\\FRAMEWORK_SERVEUR\\MONSTERS_APP_LARAVEL\\vendor\\laravel\\framework\\src\\Illuminate\\Database\\Console\\Migrations\\MigrateCommand.php(113): Illuminate\\Database\\Migrations\\Migrator->run()
#19 C:\\Users\\tiffa\\Dropbox\\htdocs\\FRAMEWORK_SERVEUR\\MONSTERS_APP_LARAVEL\\vendor\\laravel\\framework\\src\\Illuminate\\Database\\Migrations\\Migrator.php(622): Illuminate\\Database\\Console\\Migrations\\MigrateCommand->Illuminate\\Database\\Console\\Migrations\\{closure}()
#20 C:\\Users\\tiffa\\Dropbox\\htdocs\\FRAMEWORK_SERVEUR\\MONSTERS_APP_LARAVEL\\vendor\\laravel\\framework\\src\\Illuminate\\Database\\Console\\Migrations\\MigrateCommand.php(106): Illuminate\\Database\\Migrations\\Migrator->usingConnection()
#21 C:\\Users\\tiffa\\Dropbox\\htdocs\\FRAMEWORK_SERVEUR\\MONSTERS_APP_LARAVEL\\vendor\\laravel\\framework\\src\\Illuminate\\Database\\Console\\Migrations\\MigrateCommand.php(85): Illuminate\\Database\\Console\\Migrations\\MigrateCommand->runMigrations()
#22 C:\\Users\\tiffa\\Dropbox\\htdocs\\FRAMEWORK_SERVEUR\\MONSTERS_APP_LARAVEL\\vendor\\laravel\\framework\\src\\Illuminate\\Container\\BoundMethod.php(36): Illuminate\\Database\\Console\\Migrations\\MigrateCommand->handle()
#23 C:\\Users\\tiffa\\Dropbox\\htdocs\\FRAMEWORK_SERVEUR\\MONSTERS_APP_LARAVEL\\vendor\\laravel\\framework\\src\\Illuminate\\Container\\Util.php(41): Illuminate\\Container\\BoundMethod::Illuminate\\Container\\{closure}()
#24 C:\\Users\\tiffa\\Dropbox\\htdocs\\FRAMEWORK_SERVEUR\\MONSTERS_APP_LARAVEL\\vendor\\laravel\\framework\\src\\Illuminate\\Container\\BoundMethod.php(93): Illuminate\\Container\\Util::unwrapIfClosure()
#25 C:\\Users\\tiffa\\Dropbox\\htdocs\\FRAMEWORK_SERVEUR\\MONSTERS_APP_LARAVEL\\vendor\\laravel\\framework\\src\\Illuminate\\Container\\BoundMethod.php(35): Illuminate\\Container\\BoundMethod::callBoundMethod()
#26 C:\\Users\\tiffa\\Dropbox\\htdocs\\FRAMEWORK_SERVEUR\\MONSTERS_APP_LARAVEL\\vendor\\laravel\\framework\\src\\Illuminate\\Container\\Container.php(662): Illuminate\\Container\\BoundMethod::call()
#27 C:\\Users\\tiffa\\Dropbox\\htdocs\\FRAMEWORK_SERVEUR\\MONSTERS_APP_LARAVEL\\vendor\\laravel\\framework\\src\\Illuminate\\Console\\Command.php(212): Illuminate\\Container\\Container->call()
#28 C:\\Users\\tiffa\\Dropbox\\htdocs\\FRAMEWORK_SERVEUR\\MONSTERS_APP_LARAVEL\\vendor\\symfony\\console\\Command\\Command.php(279): Illuminate\\Console\\Command->execute()
#29 C:\\Users\\tiffa\\Dropbox\\htdocs\\FRAMEWORK_SERVEUR\\MONSTERS_APP_LARAVEL\\vendor\\laravel\\framework\\src\\Illuminate\\Console\\Command.php(181): Symfony\\Component\\Console\\Command\\Command->run()
#30 C:\\Users\\tiffa\\Dropbox\\htdocs\\FRAMEWORK_SERVEUR\\MONSTERS_APP_LARAVEL\\vendor\\symfony\\console\\Application.php(1049): Illuminate\\Console\\Command->run()
#31 C:\\Users\\tiffa\\Dropbox\\htdocs\\FRAMEWORK_SERVEUR\\MONSTERS_APP_LARAVEL\\vendor\\symfony\\console\\Application.php(318): Symfony\\Component\\Console\\Application->doRunCommand()
#32 C:\\Users\\tiffa\\Dropbox\\htdocs\\FRAMEWORK_SERVEUR\\MONSTERS_APP_LARAVEL\\vendor\\symfony\\console\\Application.php(169): Symfony\\Component\\Console\\Application->doRun()
#33 C:\\Users\\tiffa\\Dropbox\\htdocs\\FRAMEWORK_SERVEUR\\MONSTERS_APP_LARAVEL\\vendor\\laravel\\framework\\src\\Illuminate\\Foundation\\Console\\Kernel.php(196): Symfony\\Component\\Console\\Application->run()
#34 C:\\Users\\tiffa\\Dropbox\\htdocs\\FRAMEWORK_SERVEUR\\MONSTERS_APP_LARAVEL\\artisan(35): Illuminate\\Foundation\\Console\\Kernel->handle()
#35 {main}
"} 
